Log file open, 04/22/18 14:31:41
LogWindows: Failed to load 'aqProf.dll' (GetLastError=126)
LogWindows: File 'aqProf.dll' does not exist
LogWindows: Failed to load 'VtuneApi.dll' (GetLastError=126)
LogWindows: File 'VtuneApi.dll' does not exist
LogWindows: Failed to load 'VtuneApi32e.dll' (GetLastError=126)
LogWindows: File 'VtuneApi32e.dll' does not exist
LogInit: Display: Running engine for game: BuildingEscape
LogPlatformFile: Not using cached read wrapper
LogInit: Display: RandInit(-1656553254) SRandInit(-1656553254).
LogInit: Read version file with build ID '3944462'
LogInit: Overriding engine version to CL 3989454, compatible CL 3944462
LogInit: Registered custom module enumerator with build ID '3944462'
LogTaskGraph: Started task graph with 5 named threads and 35 total threads with 3 sets of task threads.
LogStats: Stats thread started at 0.402315
LogD3D11RHI: Aftermath initialized
LogICUInternationalization: Display: ICU TimeZone Detection - Raw Offset: -7:00, Platform Override: ''
LogPluginManager: Mounting plugin Paper2D
LogPluginManager: Mounting plugin LiveLink
LogPluginManager: Mounting plugin LightPropagationVolume
LogPluginManager: Mounting plugin CLionSourceCodeAccess
LogPluginManager: Mounting plugin CodeLiteSourceCodeAccess
LogPluginManager: Mounting plugin GitSourceControl
LogPluginManager: Mounting plugin KDevelopSourceCodeAccess
LogPluginManager: Mounting plugin NullSourceCodeAccess
LogPluginManager: Mounting plugin PerforceSourceControl
LogPluginManager: Mounting plugin SubversionSourceControl
LogPluginManager: Mounting plugin UObjectPlugin
LogPluginManager: Mounting plugin VisualStudioCodeSourceCodeAccess
LogPluginManager: Mounting plugin VisualStudioSourceCodeAccess
LogPluginManager: Mounting plugin XCodeSourceCodeAccess
LogPluginManager: Mounting plugin AssetManagerEditor
LogPluginManager: Mounting plugin CryptoKeys
LogPluginManager: Mounting plugin DataValidation
LogPluginManager: Mounting plugin FacialAnimation
LogPluginManager: Mounting plugin GameplayTagsEditor
LogPluginManager: Mounting plugin MobileLauncherProfileWizard
LogPluginManager: Mounting plugin PluginBrowser
LogPluginManager: Mounting plugin SpeedTreeImporter
LogPluginManager: Mounting plugin DatasmithContent
LogPluginManager: Mounting plugin AlembicImporter
LogPluginManager: Mounting plugin CharacterAI
LogPluginManager: Mounting plugin HTML5Networking
LogPluginManager: Mounting plugin AndroidMedia
LogPluginManager: Mounting plugin AvfMedia
LogPluginManager: Mounting plugin ImgMedia
LogPluginManager: Mounting plugin LinearTimecode
LogPluginManager: Mounting plugin MediaCompositing
LogPluginManager: Mounting plugin MediaPlayerEditor
LogPluginManager: Mounting plugin WmfMedia
LogPluginManager: Mounting plugin TcpMessaging
LogPluginManager: Mounting plugin UdpMessaging
LogPluginManager: Mounting plugin ActorSequence
LogPluginManager: Mounting plugin LevelSequenceEditor
LogPluginManager: Mounting plugin MatineeToLevelSequence
LogPluginManager: Mounting plugin NetcodeUnitTest
LogPluginManager: Mounting plugin NUTUnrealEngine4
LogPluginManager: Mounting plugin OnlineSubsystemGooglePlay
LogPluginManager: Mounting plugin OnlineSubsystemIOS
LogPluginManager: Mounting plugin OnlineSubsystem
LogPluginManager: Mounting plugin OnlineSubsystemNull
LogPluginManager: Mounting plugin OnlineSubsystemUtils
LogPluginManager: Mounting plugin AndroidDeviceProfileSelector
LogPluginManager: Mounting plugin AndroidMoviePlayer
LogPluginManager: Mounting plugin AndroidPermission
LogPluginManager: Mounting plugin AppleARKit
LogPluginManager: Mounting plugin AppleMoviePlayer
LogPluginManager: Mounting plugin ArchVisCharacter
LogPluginManager: Mounting plugin AudioCapture
LogPluginManager: Mounting plugin CableComponent
LogPluginManager: Mounting plugin CustomMeshComponent
LogPluginManager: Mounting plugin ExampleDeviceProfileSelector
LogPluginManager: Mounting plugin GoogleCloudMessaging
LogPluginManager: Mounting plugin ImmediatePhysics
LogPluginManager: Mounting plugin IOSDeviceProfileSelector
LogPluginManager: Mounting plugin LinuxDeviceProfileSelector
LogPluginManager: Mounting plugin LocationServicesBPLibrary
LogPluginManager: Mounting plugin MobilePatchingUtils
LogPluginManager: Mounting plugin OculusVR
LogPluginManager: Plugin shader directory ../../../Engine/Plugins/Runtime/Oculus/OculusVR/Shaders found
LogPluginManager: Mapping shader source directory ../../../Engine/Plugins/Runtime/Oculus/OculusVR/Shaders to virtual directory /Plugin/OculusVR
LogPluginManager: Mounting plugin PhysXVehicles
LogPluginManager: Mounting plugin ProceduralMeshComponent
LogPluginManager: Mounting plugin RuntimePhysXCooking
LogPluginManager: Mounting plugin SteamVR
LogPluginManager: Mounting plugin WindowsMoviePlayer
LogStreaming: Display: Took  0.280s to configure plugins.
LogModuleManager: Display: Found up-to-date module file ../../../../../../Repos/Building-Escape/BuildingEscape/Binaries/Win64/UE4Editor-BuildingEscape-9127.dll (API version 3944462).
LogModuleManager: Display: Found up-to-date module file ../../../Engine/Plugins/2D/Paper2D/Binaries/Win64/UE4Editor-Paper2D.dll (API version 3944462).
LogModuleManager: Display: Found up-to-date module file ../../../Engine/Plugins/2D/Paper2D/Binaries/Win64/UE4Editor-Paper2DEditor.dll (API version 3944462).
LogModuleManager: Display: Found up-to-date module file ../../../Engine/Plugins/2D/Paper2D/Binaries/Win64/UE4Editor-PaperSpriteSheetImporter.dll (API version 3944462).
LogModuleManager: Display: Found up-to-date module file ../../../Engine/Plugins/2D/Paper2D/Binaries/Win64/UE4Editor-PaperTiledImporter.dll (API version 3944462).
LogModuleManager: Display: Found up-to-date module file ../../../Engine/Plugins/2D/Paper2D/Binaries/Win64/UE4Editor-SmartSnapping.dll (API version 3944462).
LogModuleManager: Display: Found up-to-date module file ../../../Engine/Plugins/Animation/LiveLink/Binaries/Win64/UE4Editor-LiveLink.dll (API version 3944462).
LogModuleManager: Display: Found up-to-date module file ../../../Engine/Plugins/Animation/LiveLink/Binaries/Win64/UE4Editor-LiveLinkEditor.dll (API version 3944462).
LogModuleManager: Display: Found up-to-date module file ../../../Engine/Plugins/Blendables/LightPropagationVolume/Binaries/Win64/UE4Editor-LightPropagationVolumeRuntime.dll (API version 3944462).
LogModuleManager: Display: Found up-to-date module file ../../../Engine/Plugins/Blendables/LightPropagationVolume/Binaries/Win64/UE4Editor-LightPropagationVolumeEditor.dll (API version 3944462).
LogModuleManager: Display: Found up-to-date module file ../../../Engine/Plugins/Developer/CLionSourceCodeAccess/Binaries/Win64/UE4Editor-CLionSourceCodeAccess.dll (API version 3944462).
LogModuleManager: Display: Found up-to-date module file ../../../Engine/Plugins/Developer/GitSourceControl/Binaries/Win64/UE4Editor-GitSourceControl.dll (API version 3944462).
LogModuleManager: Display: Found up-to-date module file ../../../Engine/Plugins/Developer/PerforceSourceControl/Binaries/Win64/UE4Editor-PerforceSourceControl.dll (API version 3944462).
LogModuleManager: Display: Found up-to-date module file ../../../Engine/Plugins/Developer/SubversionSourceControl/Binaries/Win64/UE4Editor-SubversionSourceControl.dll (API version 3944462).
LogModuleManager: Display: Found up-to-date module file ../../../Engine/Plugins/Developer/UObjectPlugin/Binaries/Win64/UE4Editor-UObjectPlugin.dll (API version 3944462).
LogModuleManager: Display: Found up-to-date module file ../../../Engine/Plugins/Developer/VisualStudioCodeSourceCodeAccess/Binaries/Win64/UE4Editor-VisualStudioCodeSourceCodeAccess.dll (API version 3944462).
LogModuleManager: Display: Found up-to-date module file ../../../Engine/Plugins/Developer/VisualStudioSourceCodeAccess/Binaries/Win64/UE4Editor-VisualStudioSourceCodeAccess.dll (API version 3944462).
LogModuleManager: Display: Found up-to-date module file ../../../Engine/Plugins/Editor/AssetManagerEditor/Binaries/Win64/UE4Editor-AssetManagerEditor.dll (API version 3944462).
LogModuleManager: Display: Found up-to-date module file ../../../Engine/Plugins/Editor/CryptoKeys/Binaries/Win64/UE4Editor-CryptoKeys.dll (API version 3944462).
LogModuleManager: Display: Found up-to-date module file ../../../Engine/Plugins/Editor/CryptoKeys/Binaries/Win64/UE4Editor-CryptoKeysOpenSSL.dll (API version 3944462).
LogModuleManager: Display: Found up-to-date module file ../../../Engine/Plugins/Editor/DataValidation/Binaries/Win64/UE4Editor-DataValidation.dll (API version 3944462).
LogModuleManager: Display: Found up-to-date module file ../../../Engine/Plugins/Editor/FacialAnimation/Binaries/Win64/UE4Editor-FacialAnimation.dll (API version 3944462).
LogModuleManager: Display: Found up-to-date module file ../../../Engine/Plugins/Editor/FacialAnimation/Binaries/Win64/UE4Editor-FacialAnimationEditor.dll (API version 3944462).
LogModuleManager: Display: Found up-to-date module file ../../../Engine/Plugins/Editor/GameplayTagsEditor/Binaries/Win64/UE4Editor-GameplayTagsEditor.dll (API version 3944462).
LogModuleManager: Display: Found up-to-date module file ../../../Engine/Plugins/Editor/MobileLauncherProfileWizard/Binaries/Win64/UE4Editor-MobileLauncherProfileWizard.dll (API version 3944462).
LogModuleManager: Display: Found up-to-date module file ../../../Engine/Plugins/Editor/PluginBrowser/Binaries/Win64/UE4Editor-PluginBrowser.dll (API version 3944462).
LogModuleManager: Display: Found up-to-date module file ../../../Engine/Plugins/Editor/SpeedTreeImporter/Binaries/Win64/UE4Editor-SpeedTreeImporter.dll (API version 3944462).
LogModuleManager: Display: Found up-to-date module file ../../../Engine/Plugins/Enterprise/DatasmithContent/Binaries/Win64/UE4Editor-DatasmithContent.dll (API version 3944462).
LogModuleManager: Display: Found up-to-date module file ../../../Engine/Plugins/Experimental/AlembicImporter/Binaries/Win64/UE4Editor-AlembicImporter.dll (API version 3944462).
LogModuleManager: Display: Found up-to-date module file ../../../Engine/Plugins/Experimental/AlembicImporter/Binaries/Win64/UE4Editor-AlembicLibrary.dll (API version 3944462).
LogModuleManager: Display: Found up-to-date module file ../../../Engine/Plugins/Experimental/CharacterAI/Binaries/Win64/UE4Editor-CharacterAI.dll (API version 3944462).
LogModuleManager: Display: Found up-to-date module file ../../../Engine/Plugins/Experimental/HTML5Networking/Binaries/Win64/UE4Editor-HTML5Networking.dll (API version 3944462).
LogModuleManager: Display: Found up-to-date module file ../../../Engine/Plugins/Media/AndroidMedia/Binaries/Win64/UE4Editor-AndroidMediaEditor.dll (API version 3944462).
LogModuleManager: Display: Found up-to-date module file ../../../Engine/Plugins/Media/AndroidMedia/Binaries/Win64/UE4Editor-AndroidMediaFactory.dll (API version 3944462).
LogModuleManager: Display: Found up-to-date module file ../../../Engine/Plugins/Media/AvfMedia/Binaries/Win64/UE4Editor-AvfMediaEditor.dll (API version 3944462).
LogModuleManager: Display: Found up-to-date module file ../../../Engine/Plugins/Media/AvfMedia/Binaries/Win64/UE4Editor-AvfMediaFactory.dll (API version 3944462).
LogModuleManager: Display: Found up-to-date module file ../../../Engine/Plugins/Media/AvfMedia/Binaries/Win64/UE4Editor-AvfMediaFactory.dll (API version 3944462).
LogModuleManager: Display: Found up-to-date module file ../../../Engine/Plugins/Media/ImgMedia/Binaries/Win64/UE4Editor-ImgMedia.dll (API version 3944462).
LogModuleManager: Display: Found up-to-date module file ../../../Engine/Plugins/Media/ImgMedia/Binaries/Win64/UE4Editor-ImgMediaEditor.dll (API version 3944462).
LogModuleManager: Display: Found up-to-date module file ../../../Engine/Plugins/Media/ImgMedia/Binaries/Win64/UE4Editor-ImgMediaFactory.dll (API version 3944462).
LogModuleManager: Display: Found up-to-date module file ../../../Engine/Plugins/Media/ImgMedia/Binaries/Win64/UE4Editor-ImgMediaFactory.dll (API version 3944462).
LogModuleManager: Display: Found up-to-date module file ../../../Engine/Plugins/Media/ImgMedia/Binaries/Win64/UE4Editor-OpenExrWrapper.dll (API version 3944462).
LogModuleManager: Display: Found up-to-date module file ../../../Engine/Plugins/Media/LinearTimecode/Binaries/Win64/UE4Editor-LinearTimecode.dll (API version 3944462).
LogModuleManager: Display: Found up-to-date module file ../../../Engine/Plugins/Media/MediaCompositing/Binaries/Win64/UE4Editor-MediaCompositing.dll (API version 3944462).
LogModuleManager: Display: Found up-to-date module file ../../../Engine/Plugins/Media/MediaCompositing/Binaries/Win64/UE4Editor-MediaCompositingEditor.dll (API version 3944462).
LogModuleManager: Display: Found up-to-date module file ../../../Engine/Plugins/Media/MediaPlayerEditor/Binaries/Win64/UE4Editor-MediaPlayerEditor.dll (API version 3944462).
LogModuleManager: Display: Found up-to-date module file ../../../Engine/Plugins/Media/WmfMedia/Binaries/Win64/UE4Editor-WmfMedia.dll (API version 3944462).
LogModuleManager: Display: Found up-to-date module file ../../../Engine/Plugins/Media/WmfMedia/Binaries/Win64/UE4Editor-WmfMediaEditor.dll (API version 3944462).
LogModuleManager: Display: Found up-to-date module file ../../../Engine/Plugins/Media/WmfMedia/Binaries/Win64/UE4Editor-WmfMediaFactory.dll (API version 3944462).
LogModuleManager: Display: Found up-to-date module file ../../../Engine/Plugins/Media/WmfMedia/Binaries/Win64/UE4Editor-WmfMediaFactory.dll (API version 3944462).
LogModuleManager: Display: Found up-to-date module file ../../../Engine/Plugins/Messaging/TcpMessaging/Binaries/Win64/UE4Editor-TcpMessaging.dll (API version 3944462).
LogModuleManager: Display: Found up-to-date module file ../../../Engine/Plugins/Messaging/UdpMessaging/Binaries/Win64/UE4Editor-UdpMessaging.dll (API version 3944462).
LogModuleManager: Display: Found up-to-date module file ../../../Engine/Plugins/MovieScene/ActorSequence/Binaries/Win64/UE4Editor-ActorSequence.dll (API version 3944462).
LogModuleManager: Display: Found up-to-date module file ../../../Engine/Plugins/MovieScene/LevelSequenceEditor/Binaries/Win64/UE4Editor-LevelSequenceEditor.dll (API version 3944462).
LogModuleManager: Display: Found up-to-date module file ../../../Engine/Plugins/MovieScene/MatineeToLevelSequence/Binaries/Win64/UE4Editor-MatineeToLevelSequence.dll (API version 3944462).
LogModuleManager: Display: Found up-to-date module file ../../../Engine/Plugins/NetcodeUnitTest/NetcodeUnitTest/Binaries/Win64/UE4Editor-NetcodeUnitTest.dll (API version 3944462).
LogModuleManager: Display: Found up-to-date module file ../../../Engine/Plugins/NetcodeUnitTest/NUTUnrealEngine4/Binaries/Win64/UE4Editor-NUTUnrealEngine4.dll (API version 3944462).
LogModuleManager: Display: Found up-to-date module file ../../../Engine/Plugins/Online/OnlineSubsystem/Binaries/Win64/UE4Editor-OnlineSubsystem.dll (API version 3944462).
LogModuleManager: Display: Found up-to-date module file ../../../Engine/Plugins/Online/OnlineSubsystemNull/Binaries/Win64/UE4Editor-OnlineSubsystemNull.dll (API version 3944462).
LogModuleManager: Display: Found up-to-date module file ../../../Engine/Plugins/Online/OnlineSubsystemUtils/Binaries/Win64/UE4Editor-OnlineSubsystemUtils.dll (API version 3944462).
LogModuleManager: Display: Found up-to-date module file ../../../Engine/Plugins/Online/OnlineSubsystemUtils/Binaries/Win64/UE4Editor-OnlineBlueprintSupport.dll (API version 3944462).
LogModuleManager: Display: Found up-to-date module file ../../../Engine/Plugins/Runtime/AndroidDeviceProfileSelector/Binaries/Win64/UE4Editor-AndroidDeviceProfileSelector.dll (API version 3944462).
LogModuleManager: Display: Found up-to-date module file ../../../Engine/Plugins/Runtime/AndroidPermission/Binaries/Win64/UE4Editor-AndroidPermission.dll (API version 3944462).
LogModuleManager: Display: Found up-to-date module file ../../../Engine/Plugins/Runtime/AppleARKit/Binaries/Win64/UE4Editor-AppleARKit.dll (API version 3944462).
LogModuleManager: Display: Found up-to-date module file ../../../Engine/Plugins/Runtime/ArchVisCharacter/Binaries/Win64/UE4Editor-ArchVisCharacter.dll (API version 3944462).
LogModuleManager: Display: Found up-to-date module file ../../../Engine/Plugins/Runtime/AudioCapture/Binaries/Win64/UE4Editor-AudioCapture.dll (API version 3944462).
LogModuleManager: Display: Found up-to-date module file ../../../Engine/Plugins/Runtime/AudioCapture/Binaries/Win64/UE4Editor-AudioCaptureEditor.dll (API version 3944462).
LogModuleManager: Display: Found up-to-date module file ../../../Engine/Plugins/Runtime/CableComponent/Binaries/Win64/UE4Editor-CableComponent.dll (API version 3944462).
LogModuleManager: Display: Found up-to-date module file ../../../Engine/Plugins/Runtime/CustomMeshComponent/Binaries/Win64/UE4Editor-CustomMeshComponent.dll (API version 3944462).
LogModuleManager: Display: Found up-to-date module file ../../../Engine/Plugins/Runtime/ExampleDeviceProfileSelector/Binaries/Win64/UE4Editor-ExampleDeviceProfileSelector.dll (API version 3944462).
LogModuleManager: Display: Found up-to-date module file ../../../Engine/Plugins/Runtime/ImmediatePhysics/Binaries/Win64/UE4Editor-ImmediatePhysics.dll (API version 3944462).
LogModuleManager: Display: Found up-to-date module file ../../../Engine/Plugins/Runtime/ImmediatePhysics/Binaries/Win64/UE4Editor-ImmediatePhysicsEditor.dll (API version 3944462).
LogModuleManager: Display: Found up-to-date module file ../../../Engine/Plugins/Runtime/LocationServicesBPLibrary/Binaries/Win64/UE4Editor-LocationServicesBPLibrary.dll (API version 3944462).
LogModuleManager: Display: Found up-to-date module file ../../../Engine/Plugins/Runtime/MobilePatchingUtils/Binaries/Win64/UE4Editor-MobilePatchingUtils.dll (API version 3944462).
LogModuleManager: Display: Found up-to-date module file ../../../Engine/Plugins/Runtime/Oculus/OculusVR/Binaries/Win64/UE4Editor-OculusHMD.dll (API version 3944462).
LogModuleManager: Display: Found up-to-date module file ../../../Engine/Plugins/Runtime/Oculus/OculusVR/Binaries/Win64/UE4Editor-OculusInput.dll (API version 3944462).
LogModuleManager: Display: Found up-to-date module file ../../../Engine/Plugins/Runtime/Oculus/OculusVR/Binaries/Win64/UE4Editor-OculusEditor.dll (API version 3944462).
LogModuleManager: Display: Found up-to-date module file ../../../Engine/Plugins/Runtime/PhysXVehicles/Binaries/Win64/UE4Editor-PhysXVehicles.dll (API version 3944462).
LogModuleManager: Display: Found up-to-date module file ../../../Engine/Plugins/Runtime/PhysXVehicles/Binaries/Win64/UE4Editor-PhysXVehiclesEditor.dll (API version 3944462).
LogModuleManager: Display: Found up-to-date module file ../../../Engine/Plugins/Runtime/ProceduralMeshComponent/Binaries/Win64/UE4Editor-ProceduralMeshComponent.dll (API version 3944462).
LogModuleManager: Display: Found up-to-date module file ../../../Engine/Plugins/Runtime/ProceduralMeshComponent/Binaries/Win64/UE4Editor-ProceduralMeshComponentEditor.dll (API version 3944462).
LogModuleManager: Display: Found up-to-date module file ../../../Engine/Plugins/Runtime/RuntimePhysXCooking/Binaries/Win64/UE4Editor-RuntimePhysXCooking.dll (API version 3944462).
LogModuleManager: Display: Found up-to-date module file ../../../Engine/Plugins/Runtime/Steam/SteamVR/Binaries/Win64/UE4Editor-SteamVR.dll (API version 3944462).
LogModuleManager: Display: Found up-to-date module file ../../../Engine/Plugins/Runtime/Steam/SteamVR/Binaries/Win64/UE4Editor-SteamVRController.dll (API version 3944462).
LogModuleManager: Display: Found up-to-date module file ../../../Engine/Plugins/Runtime/WindowsMoviePlayer/Binaries/Win64/UE4Editor-WindowsMoviePlayer.dll (API version 3944462).
LogInit: Using libcurl 7.47.1
LogInit:  - built for x86_64-pc-win32
LogInit:  - supports SSL with OpenSSL/1.0.2g
LogInit:  - supports HTTP deflate (compression) using libz 1.2.8
LogInit:  - other features:
LogInit:      CURL_VERSION_SSL
LogInit:      CURL_VERSION_LIBZ
LogInit:      CURL_VERSION_IPV6
LogInit:      CURL_VERSION_ASYNCHDNS
LogInit:      CURL_VERSION_LARGEFILE
LogInit:      CURL_VERSION_IDN
LogInit:  CurlRequestOptions (configurable via config and command line):
LogInit:  - bVerifyPeer = false  - Libcurl will NOT verify peer certificate
LogInit:  - bUseHttpProxy = false  - Libcurl will NOT use HTTP proxy
LogInit:  - bDontReuseConnections = false  - Libcurl will reuse connections
LogInit:  - CertBundlePath = nullptr  - Libcurl will use whatever was configured at build time.
LogInit:  - MaxHostConnections = 16  - Libcurl will limit the number of connections to a host
LogInit:  - LocalHostAddr = Default
LogInit: WinSock: version 1.1 (2.2), MaxSocks=32767, MaxUdp=65467
LogInit: WinSock: I am HMD-PC (10.0.0.166:0)
LogInit: Build: ++UE4+Release-4.19-CL-3989454
LogInit: Engine Version: 4.19.1-3989454+++UE4+Release-4.19
LogInit: Compatible Engine Version: 4.19.0-3944462+++UE4+Release-4.19
LogInit: Net CL: 3944462
LogDevObjectVersion: Number of dev versions registered: 18
LogDevObjectVersion:   Dev-Blueprints (B0D832E4-1F89-4F0D-ACCF-7EB736FD4AA2): 10
LogDevObjectVersion:   Dev-Build (E1C64328-A22C-4D53-A36C-8E866417BD8C): 0
LogDevObjectVersion:   Dev-Core (375EC13C-06E4-48FB-B500-84F0262A717E): 2
LogDevObjectVersion:   Dev-Editor (E4B068ED-F494-42E9-A231-DA0B2E46BB41): 23
LogDevObjectVersion:   Dev-Framework (CFFC743F-43B0-4480-9391-14DF171D2073): 33
LogDevObjectVersion:   Dev-Mobile (B02B49B5-BB20-44E9-A304-32B752E40360): 2
LogDevObjectVersion:   Dev-Networking (A4E4105C-59A1-49B5-A7C5-40C4547EDFEE): 0
LogDevObjectVersion:   Dev-Online (39C831C9-5AE6-47DC-9A44-9C173E1C8E7C): 0
LogDevObjectVersion:   Dev-Physics (78F01B33-EBEA-4F98-B9B4-84EACCB95AA2): 0
LogDevObjectVersion:   Dev-Platform (6631380F-2D4D-43E0-8009-CF276956A95A): 0
LogDevObjectVersion:   Dev-Rendering (12F88B9F-8875-4AFC-A67C-D90C383ABD29): 25
LogDevObjectVersion:   Dev-Sequencer (7B5AE74C-D270-4C10-A958-57980B212A5A): 6
LogDevObjectVersion:   Dev-VR (D7296918-1DD6-4BDD-9DE2-64A83CC13884): 1
LogDevObjectVersion:   Dev-LoadTimes (C2A15278-BFE7-4AFE-6C17-90FF531DF755): 1
LogDevObjectVersion:   Private-Geometry (6EACA3D4-40EC-4CC1-B786-8BED09428FC5): 2
LogDevObjectVersion:   Dev-AnimPhys (29E575DD-E0A3-4627-9D10-D276232CDCEA): 16
LogDevObjectVersion:   Dev-ReflectionCapture (6B266CEC-1EC7-4B8F-A30B-E4D90942FC07): 1
LogDevObjectVersion:   Dev-Automation (0DF73D61-A23F-47EA-B727-89E90C41499A): 1
LogInit: Compiled (64-bit): Apr  6 2018 12:26:04
LogInit: Compiled with Visual C++: 19.00.24215.01
LogInit: Build Configuration: Development
LogInit: Branch Name: ++UE4+Release-4.19
LogInit: Command Line: -EpicPortal 
LogInit: Base Directory: D:/Program Files/Epic Games/UE_4.19/Engine/Binaries/Win64/
LogInit: Installed Engine Build: 1
LogStreaming: Display: Took  0.028s to delete old logs.
LogInit: Presizing for max 8388607 objects, including 0 objects not considered by GC, pre-allocating 0 bytes for permanent pool.
LogInit: Object subsystem initialized
[2018.04.22-20.31.44:723][  0]LogInit: Selected Device Profile: [Windows]
[2018.04.22-20.31.44:724][  0]LogInit: Applying CVar settings loaded from the selected device profile: [Windows]
[2018.04.22-20.31.44:751][  0]LogInit: Computer: HMD-PC
[2018.04.22-20.31.44:751][  0]LogInit: User: Owner
[2018.04.22-20.31.44:751][  0]LogInit: CPU Page size=4096, Cores=6
[2018.04.22-20.31.44:751][  0]LogInit: High frequency timer resolution =3.224480 MHz
[2018.04.22-20.31.44:751][  0]LogMemory: Memory total: Physical=15.9GB (16GB approx)
[2018.04.22-20.31.44:751][  0]LogMemory: Platform Memory Stats for Windows
[2018.04.22-20.31.44:751][  0]LogMemory: Process Physical Memory: 274.38 MB used, 274.38 MB peak
[2018.04.22-20.31.44:751][  0]LogMemory: Process Virtual Memory: 271.82 MB used, 271.82 MB peak
[2018.04.22-20.31.44:751][  0]LogMemory: Physical Memory: 5276.11 MB used,  11047.70 MB free, 16323.81 MB total
[2018.04.22-20.31.44:751][  0]LogMemory: Virtual Memory: 718.30 MB used,  11047.70 MB free, 134217728.00 MB total
[2018.04.22-20.31.44:772][  0]LogInit: Using OS detected language (en-US).
[2018.04.22-20.31.44:772][  0]LogInit: Using OS detected locale (en-US).
[2018.04.22-20.31.44:777][  0]LogTextLocalizationManager: No specific localization for 'en-US' exists, so the 'en' localization will be used.
[2018.04.22-20.31.45:233][  0]LogStreaming: Display: Took  0.461s to EndInitTextLocalization.
[2018.04.22-20.31.45:233][  0]LogInit: Setting process to per monitor DPI aware
[2018.04.22-20.31.45:252][  0]LogSlate: New Slate User Created.  User Index 0, Is Virtual User: 0
[2018.04.22-20.31.45:252][  0]LogSlate: Slate User Registered.  User Index 0, Is Virtual User: 0
[2018.04.22-20.31.45:581][  0]LogD3D11RHI: D3D11 adapters:
[2018.04.22-20.31.45:640][  0]LogD3D11RHI:    0. 'NVIDIA GeForce GTX 680' (Feature Level 11_0)
[2018.04.22-20.31.45:640][  0]LogD3D11RHI:       4063/0/8161 MB DedicatedVideo/DedicatedSystem/SharedSystem, Outputs:1, VendorId:0x10de
[2018.04.22-20.31.45:691][  0]LogD3D11RHI:    1. 'NVIDIA GeForce GTX 680' (Feature Level 11_0)
[2018.04.22-20.31.45:691][  0]LogD3D11RHI:       4063/0/8161 MB DedicatedVideo/DedicatedSystem/SharedSystem, Outputs:1, VendorId:0x10de
[2018.04.22-20.31.45:694][  0]LogD3D11RHI:    2. 'Microsoft Basic Render Driver' (Feature Level 11_0)
[2018.04.22-20.31.45:694][  0]LogD3D11RHI:       0/0/8161 MB DedicatedVideo/DedicatedSystem/SharedSystem, Outputs:0, VendorId:0x1414
[2018.04.22-20.31.45:694][  0]LogD3D11RHI: Chosen D3D11 Adapter: 0
[2018.04.22-20.31.45:701][  0]LogD3D11RHI: Creating new Direct3DDevice
[2018.04.22-20.31.45:701][  0]LogD3D11RHI:     GPU DeviceId: 0x1180 (for the marketing name, search the web for "GPU Device Id")
[2018.04.22-20.31.45:701][  0]LogWindows: EnumDisplayDevices:
[2018.04.22-20.31.45:701][  0]LogWindows:    0. 'NVIDIA GeForce GTX 680' (P:1 D:1)
[2018.04.22-20.31.45:701][  0]LogWindows:    1. 'NVIDIA GeForce GTX 680' (P:0 D:0)
[2018.04.22-20.31.45:701][  0]LogWindows:    2. 'NVIDIA GeForce GTX 680' (P:0 D:0)
[2018.04.22-20.31.45:702][  0]LogWindows:    3. 'NVIDIA GeForce GTX 680' (P:0 D:0)
[2018.04.22-20.31.45:702][  0]LogWindows:    4. 'NVIDIA GeForce GTX 680' (P:0 D:1)
[2018.04.22-20.31.45:702][  0]LogWindows:    5. 'NVIDIA GeForce GTX 680' (P:0 D:0)
[2018.04.22-20.31.45:702][  0]LogWindows:    6. 'NVIDIA GeForce GTX 680' (P:0 D:0)
[2018.04.22-20.31.45:702][  0]LogWindows:    7. 'NVIDIA GeForce GTX 680' (P:0 D:0)
[2018.04.22-20.31.45:702][  0]LogWindows: DebugString: GetVideoDriverDetailsInvalid PrimaryIsNotTheChoosenAdapter GetVideoDriverDetailsInvalid PrimaryIsNotTheChoosenAdapter GetVideoDriverDetailsInvalid PrimaryIsNotTheChoosenAdapter GetVideoDriverDetailsInvalid PrimaryIsNotTheChoosenAdapter GetVideoDriverDetailsInvalid PrimaryIsNotTheChoosenAdapter GetVideoDriverDetailsInvalid PrimaryIsNotTheChoosenAdapter GetVideoDriverDetailsInvalid PrimaryIsNotTheChoosenAdapter GetVideoDriverDetailsInvalid PrimaryIsNotTheChoosenAdapter FoundDriverCount:0 
[2018.04.22-20.31.45:702][  0]LogD3D11RHI:     Adapter Name: NVIDIA GeForce GTX 680
[2018.04.22-20.31.45:702][  0]LogD3D11RHI:   Driver Version: Unknown (internal:Unknown, unified:Unknown)
[2018.04.22-20.31.45:702][  0]LogD3D11RHI:      Driver Date: Unknown
[2018.04.22-20.31.45:702][  0]LogRHI: Texture pool is 2844 MB (70% of 4063 MB)
[2018.04.22-20.31.45:738][  0]LogD3D11RHI: [Aftermath] Aftermath enabled but failed to initialize
[2018.04.22-20.31.45:738][  0]LogD3D11RHI: [Aftermath] Aftermath enabled and primed
[2018.04.22-20.31.45:738][  0]LogD3D11RHI: Async texture creation enabled
[2018.04.22-20.31.45:752][  0]LogD3D11RHI: GPU Timing Frequency: 1000.000000 (Debug: 2 1)
[2018.04.22-20.31.45:800][  0]LogShaderCompilers: Guid format shader working directory is -9 characters bigger than the processId version (../../../../../../Repos/Building-Escape/BuildingEscape/Intermediate/Shaders/WorkingDirectory/13064/).
[2018.04.22-20.31.45:800][  0]LogShaderCompilers: Cleaned the shader compiler working directory 'C:/Users/Owner/AppData/Local/Temp/UnrealShaderWorkingDir/221E64A74D57C68B8F9113B3170A0DB0/'.
[2018.04.22-20.31.46:055][  0]LogTemp: Display: Loaded TP AllDesktopTargetPlatform
[2018.04.22-20.31.46:070][  0]LogTemp: Display: Loaded TP MacClientTargetPlatform
[2018.04.22-20.31.46:086][  0]LogTemp: Display: Loaded TP MacNoEditorTargetPlatform
[2018.04.22-20.31.46:102][  0]LogTemp: Display: Loaded TP MacServerTargetPlatform
[2018.04.22-20.31.46:118][  0]LogTemp: Display: Loaded TP MacTargetPlatform
[2018.04.22-20.31.46:133][  0]LogTemp: Display: Loaded TP WindowsClientTargetPlatform
[2018.04.22-20.31.46:148][  0]LogTemp: Display: Loaded TP WindowsNoEditorTargetPlatform
[2018.04.22-20.31.46:164][  0]LogTemp: Display: Loaded TP WindowsServerTargetPlatform
[2018.04.22-20.31.46:171][  0]LogTemp: Display: Loaded TP WindowsTargetPlatform
[2018.04.22-20.31.46:184][  0]LogTemp: Display: Loaded TP Android_ASTCTargetPlatform
[2018.04.22-20.31.46:198][  0]LogTemp: Display: Loaded TP Android_ATCTargetPlatform
[2018.04.22-20.31.46:212][  0]LogTemp: Display: Loaded TP Android_DXTTargetPlatform
[2018.04.22-20.31.46:226][  0]LogTemp: Display: Loaded TP Android_ETC1aTargetPlatform
[2018.04.22-20.31.46:240][  0]LogTemp: Display: Loaded TP Android_ETC1TargetPlatform
[2018.04.22-20.31.46:254][  0]LogTemp: Display: Loaded TP Android_ETC2TargetPlatform
[2018.04.22-20.31.46:283][  0]LogTemp: Display: Loaded TP Android_MultiTargetPlatform
[2018.04.22-20.31.46:283][  0]LogTemp: Display: Loaded TP Android_PVRTCTargetPlatform
[2018.04.22-20.31.46:297][  0]LogTemp: Display: Loaded TP AndroidTargetPlatform
[2018.04.22-20.31.46:299][  0]LogTemp: Display: Loaded TP HTML5TargetPlatform
[2018.04.22-20.31.46:338][  0]LogTemp: Display: Loaded TP IOSTargetPlatform
[2018.04.22-20.31.46:352][  0]LogTemp: Display: Loaded TP TVOSTargetPlatform
[2018.04.22-20.31.46:366][  0]LogTemp: Display: Loaded TP LinuxClientTargetPlatform
[2018.04.22-20.31.46:379][  0]LogTemp: Display: Loaded TP LinuxNoEditorTargetPlatform
[2018.04.22-20.31.46:393][  0]LogTemp: Display: Loaded TP LinuxServerTargetPlatform
[2018.04.22-20.31.46:407][  0]LogTemp: Display: Loaded TP LinuxTargetPlatform
[2018.04.22-20.31.46:408][  0]LogTargetPlatformManager: Display: Building Assets For Windows
[2018.04.22-20.31.46:550][  0]LogXGEController: Cannot use XGE Controller as Incredibuild is not installed on this machine.
[2018.04.22-20.31.46:550][  0]LogShaderCompilers: Cannot use XGE Shader Compiler as Incredibuild is not installed on this machine.
[2018.04.22-20.31.46:550][  0]LogShaderCompilers: Display: Using Local Shader Compiler.
[2018.04.22-20.31.47:366][  0]LogDerivedDataCache: Display: Max Cache Size: 512 MB
[2018.04.22-20.31.47:451][  0]LogDerivedDataCache: Loaded boot cache 0.08s 74MB C:/Users/Owner/AppData/Local/UnrealEngine/4.19/DerivedDataCache/Boot.ddc.
[2018.04.22-20.31.47:451][  0]LogDerivedDataCache: Display: Loaded Boot cache: C:/Users/Owner/AppData/Local/UnrealEngine/4.19/DerivedDataCache/Boot.ddc
[2018.04.22-20.31.47:451][  0]LogDerivedDataCache: FDerivedDataBackendGraph:  Pak pak cache file ../../../../../../Repos/Building-Escape/BuildingEscape/DerivedDataCache/DDC.ddp not found, will not use a pak cache.
[2018.04.22-20.31.47:451][  0]LogDerivedDataCache: Unable to find inner node Pak for hierarchical cache Hierarchy.
[2018.04.22-20.31.47:451][  0]LogDerivedDataCache: FDerivedDataBackendGraph:  CompressedPak pak cache file ../../../../../../Repos/Building-Escape/BuildingEscape/DerivedDataCache/Compressed.ddp not found, will not use a pak cache.
[2018.04.22-20.31.47:451][  0]LogDerivedDataCache: Unable to find inner node CompressedPak for hierarchical cache Hierarchy.
[2018.04.22-20.31.47:469][  0]LogDerivedDataCache: Display: Pak cache opened for reading ../../../Engine/DerivedDataCache/Compressed.ddp.
[2018.04.22-20.31.47:481][  0]LogDerivedDataCache: Using Local data cache path C:/Users/Owner/AppData/Local/UnrealEngine/Common/DerivedDataCache: Writable
[2018.04.22-20.31.47:495][  0]LogMaterial: Verifying Global Shaders for PCD3D_SM5
[2018.04.22-20.31.47:495][  0]LogSlate: Using Freetype 2.6.0
[2018.04.22-20.31.47:496][  0]LogSlate: SlateFontCache - WITH_FREETYPE: 1, WITH_HARFBUZZ: 1
[2018.04.22-20.31.47:496][  0]LogSlate: SlateFontCache - WITH_FREETYPE: 1, WITH_HARFBUZZ: 1
[2018.04.22-20.31.47:661][  0]LogAssetRegistry: FAssetRegistry took 0.0263 seconds to start up
[2018.04.22-20.31.48:049][  0]LogInit: Selected Device Profile: [Windows]
[2018.04.22-20.31.48:228][  0]LogSimplygon: Simplygon DLL not present - disabling.
[2018.04.22-20.31.48:231][  0]LogMeshReduction: Using SimplygonSwarm for distributed automatic mesh merging
[2018.04.22-20.31.48:231][  0]LogMeshReduction: Using QuadricMeshReduction for automatic static mesh reduction
[2018.04.22-20.31.48:231][  0]LogMeshReduction: No automatic skeletal mesh reduction module available
[2018.04.22-20.31.48:231][  0]LogMeshReduction: No automatic mesh merging module available
[2018.04.22-20.31.48:231][  0]LogMeshMerging: No automatic mesh merging module available
[2018.04.22-20.31.48:272][  0]LogNetVersion: BuildingEscape , NetCL: 3944462, EngineNetVer: 2, GameNetVer: 0 (Checksum: 4285820645)
[2018.04.22-20.31.48:810][  0]LogPackageLocalizationCache: Processed 9 localized package path(s) for 2 prioritized culture(s) in 0.122717 seconds
[2018.04.22-20.31.48:815][  0]LogUObjectArray: 36728 objects as part of root set at end of initial load.
[2018.04.22-20.31.48:815][  0]LogUObjectAllocator: 7314312 out of 0 bytes used by permanent object pool.
[2018.04.22-20.31.48:815][  0]LogUObjectArray: CloseDisregardForGC: 0/0 objects in disregard for GC pool
[2018.04.22-20.31.50:821][  0]LogTcpMessaging: Initializing TcpMessaging bridge
[2018.04.22-20.31.50:861][  0]LogUdpMessaging: Initializing bridge on interface 0.0.0.0:0 to multicast group 230.0.0.1:6666.
[2018.04.22-20.31.51:410][  0]SourceControl: Source control is disabled
[2018.04.22-20.31.51:410][  0]SourceControl: Source control is disabled
[2018.04.22-20.31.51:438][  0]SourceControl: Source control is disabled
[2018.04.22-20.31.51:466][  0]SourceControl: Source control is disabled
[2018.04.22-20.31.52:157][  0]LogAndroidPermission: UAndroidPermissionCallbackProxy::GetInstance
[2018.04.22-20.31.52:436][  0]LogOcInput: OculusInput pre-init called
[2018.04.22-20.31.52:591][  0]LogEngine: Initializing Engine...
[2018.04.22-20.31.56:260][  0]LogHMD: Failed to initialize OpenVR with code 108
[2018.04.22-20.31.56:262][  0]LogStats: UGameplayTagsManager::ConstructGameplayTagTree: Construct from data asset -  0.000 s
[2018.04.22-20.31.56:262][  0]LogStats: UGameplayTagsManager::ConstructGameplayTagTree: GameplayTagTreeChangedEvent.Broadcast -  0.000 s
[2018.04.22-20.31.56:516][  0]LogAIModule: Creating AISystem for world Untitled
[2018.04.22-20.31.56:556][  0]LogInit: XAudio2 using 'SONY TV-4 (2- NVIDIA High Definition Audio)' : 2 channels at 48 kHz using 16 bits per sample (channel mask 0x3)
[2018.04.22-20.31.56:570][  0]LogInit: FAudioDevice initialized.
[2018.04.22-20.31.56:663][  0]LogDerivedDataCache: Saved boot cache 0.09s 74MB C:/Users/Owner/AppData/Local/UnrealEngine/4.19/DerivedDataCache/Boot.ddc.
[2018.04.22-20.31.56:680][  0]LogInit: Texture streaming: Enabled
[2018.04.22-20.31.56:696][  0]LogEngineSessionManager: EngineSessionManager initialized
[2018.04.22-20.31.56:720][  0]LogInit: Transaction tracking system initialized
[2018.04.22-20.31.56:745][  0]BlueprintLog: New page: Editor Load
[2018.04.22-20.31.56:823][  0]LocalizationService: Localization service is disabled
[2018.04.22-20.31.56:957][  0]LogConsoleResponse: Display: 
[2018.04.22-20.31.57:146][  0]LogCook: Display: Max memory allowance for cook 16384mb min free memory 0mb
[2018.04.22-20.31.57:146][  0]LogCook: Display: Mobile HDR setting 1
[2018.04.22-20.31.57:146][  0]LogGameplayTags: Display: UGameplayTagsManager::DoneAddingNativeTags. DelegateIsBound: 0
[2018.04.22-20.31.57:146][  0]LogStats: UGameplayTagsManager::ConstructGameplayTagTree: Construct from data asset -  0.000 s
[2018.04.22-20.31.57:146][  0]LogStats: UGameplayTagsManager::ConstructGameplayTagTree: GameplayTagTreeChangedEvent.Broadcast -  0.000 s
[2018.04.22-20.31.57:370][  0]LogFileCache: Scanning file cache for directory 'D:/Repos/Building-Escape/BuildingEscape/Content/' took 0.02s
[2018.04.22-20.31.57:686][  0]SourceControl: Source control is disabled
[2018.04.22-20.31.57:805][  0]LogSlate: Took 0.000330 seconds to synchronously load lazily loaded font '../../../Engine/Content/Slate/Fonts/Roboto-Regular.ttf' (155K)
[2018.04.22-20.32.06:347][  0]LogSlate: Window 'Restore Packages' being destroyed
[2018.04.22-20.32.06:347][  0]LogWindowsTextInputMethodSystem: Display: IME system now deactivated.
[2018.04.22-20.32.06:372][  0]LogWindowsTextInputMethodSystem: Display: IME system now deactivated.
[2018.04.22-20.32.09:255][  0]LogSlate: Window 'Unable to Check Out From Source Control!' being destroyed
[2018.04.22-20.32.09:255][  0]LogWindowsTextInputMethodSystem: Display: IME system now deactivated.
[2018.04.22-20.32.09:318][  0]LogWindowsTextInputMethodSystem: Display: IME system now deactivated.
[2018.04.22-20.32.09:319][  0]Cmd: MAP LOAD FILE="../../../../../../Repos/Building-Escape/BuildingEscape/Content/NewMap.umap" TEMPLATE=0 SHOWPROGRESS=1 FEATURELEVEL=3
[2018.04.22-20.32.09:319][  0]LightingResults: New page: Lighting Build
[2018.04.22-20.32.09:322][  0]MapCheck: New page: Map Check
[2018.04.22-20.32.09:322][  0]LightingResults: New page: Lighting Build
[2018.04.22-20.32.10:074][  0]LogAIModule: Creating AISystem for world NewMap
[2018.04.22-20.32.10:081][  0]LogEditorServer: Finished looking for orphan Actors (0.000 secs)
[2018.04.22-20.32.10:093][  0]Cmd: MAP CHECKDEP NOCLEARLOG
[2018.04.22-20.32.10:169][  0]MapCheck: Map check complete: 0 Error(s), 0 Warning(s), took 76.561ms to complete.
[2018.04.22-20.32.10:170][  0]LogFileHelpers: Loading map 'NewMap' took 0.851
[2018.04.22-20.32.10:753][  0]LogStats: Warning: MetaData mismatch. Did you assign a stat to two groups? New //STATGROUP_Threads//SplashScreenThread///Thread_2360_0///####STATCAT_Advanced#### old //STATGROUP_Threads//SplashScreenThread///Thread_2dd8_0///####STATCAT_Advanced####
[2018.04.22-20.32.10:753][  0]LogCollectionManager: Loaded 0 collections in 0.001691 seconds
[2018.04.22-20.32.10:875][  0]LogFileCache: Scanning file cache for directory 'D:/Repos/Building-Escape/BuildingEscape/Saved/Collections/' took 0.01s
[2018.04.22-20.32.10:875][  0]LogFileCache: Scanning file cache for directory 'D:/Repos/Building-Escape/BuildingEscape/Content/Developers/Owner/Collections/' took 0.01s
[2018.04.22-20.32.10:875][  0]LogFileCache: Scanning file cache for directory 'D:/Repos/Building-Escape/BuildingEscape/Content/Collections/' took 0.01s
[2018.04.22-20.32.10:875][  0]LogCollectionManager: Rebuilt the GUID cache for 0 collections in 0.000000 seconds
[2018.04.22-20.32.10:892][  0]LogContentBrowser: Native class hierarchy populated in 0.0118 seconds. Added 2454 classes and 560 folders.
[2018.04.22-20.32.10:939][  0]LogContentBrowser: Native class hierarchy updated for 'WidgetCarousel' in 0.0010 seconds. Added 0 classes and 0 folders.
[2018.04.22-20.32.12:250][  0]LogContentBrowser: Native class hierarchy updated for 'AddContentDialog' in 0.0011 seconds. Added 0 classes and 0 folders.
[2018.04.22-20.32.12:293][  0]LogContentBrowser: Native class hierarchy updated for 'SceneOutliner' in 0.0013 seconds. Added 1 classes and 2 folders.
[2018.04.22-20.32.13:044][  0]LogSlate: Took 0.000302 seconds to synchronously load lazily loaded font '../../../Engine/Content/Slate/Fonts/Roboto-Bold.ttf' (160K)
[2018.04.22-20.32.13:232][  0]LogSlate: Took 0.108181 seconds to synchronously load lazily loaded font '../../../Engine/Content/Editor/Slate/Fonts/FontAwesome.ttf' (139K)
[2018.04.22-20.32.18:504][  0]LogRenderer: Reallocating scene render targets to support 1208x576 Format 10 NumSamples 1 (Frame:1).
[2018.04.22-20.32.19:629][  0]LogSlate: Took 0.093613 seconds to synchronously load lazily loaded font '../../../Engine/Content/Slate/Fonts/Roboto-Light.ttf' (167K)
[2018.04.22-20.32.19:753][  0]LogContentBrowser: Native class hierarchy updated for 'HierarchicalLODOutliner' in 0.0011 seconds. Added 0 classes and 0 folders.
[2018.04.22-20.32.19:753][  0]LogLoad: (Engine Initialization) Total time: 40.36 seconds
[2018.04.22-20.32.19:753][  0]LogLoad: (Engine Initialization) Total Blueprint compile time: 0.00 seconds
[2018.04.22-20.32.20:145][  0]LogContentStreaming: Texture pool size now 1000 MB
[2018.04.22-20.32.20:775][  2]LogAssetRegistry: Asset discovery search completed in 33.1360 seconds
[2018.04.22-20.32.20:777][  2]LogCollectionManager: Rebuilt the object cache for 0 collections in 0.000001 seconds (found 0 objects)
[2018.04.22-20.32.20:777][  2]LogCollectionManager: Fixed up redirectors for 0 collections in 0.000093 seconds (updated 0 objects)
[2018.04.22-20.32.22:755][  8]LogSlate: FSceneViewport::OnFocusLost() reason 0
[2018.04.22-20.32.27:077][171]LogTemp: Repeating last play command: Selected Viewport
[2018.04.22-20.32.27:115][171]LogPlayLevel: PlayLevel: No blueprints needed recompiling
[2018.04.22-20.32.27:139][171]PIE: New page: PIE session: NewMap (Apr 22, 2018, 8:32:27 AM)
[2018.04.22-20.32.27:139][171]LogPlayLevel: Creating play world package: /Game/UEDPIE_0_NewMap
[2018.04.22-20.32.27:143][171]LogPlayLevel: PIE: StaticDuplicateObject took: (0.003996s)
[2018.04.22-20.32.27:144][171]LogAIModule: Creating AISystem for world NewMap
[2018.04.22-20.32.27:152][171]LogPlayLevel: PIE: World Init took: (0.008703s)
[2018.04.22-20.32.27:152][171]LogPlayLevel: PIE: Created PIE world by copying editor world from /Game/NewMap.NewMap to /Game/UEDPIE_0_NewMap.NewMap (0.012879s)
[2018.04.22-20.32.27:181][171]LogInit: XAudio2 using 'SONY TV-4 (2- NVIDIA High Definition Audio)' : 2 channels at 48 kHz using 16 bits per sample (channel mask 0x3)
[2018.04.22-20.32.27:191][171]LogInit: FAudioDevice initialized.
[2018.04.22-20.32.27:256][171]LogUObjectGlobals: Warning: Failed to find object 'Class /Script/BuildingEscape.BuildingEscapeGameMode'
[2018.04.22-20.32.27:256][171]LogLoad: Game class is 'GameModeBase'
[2018.04.22-20.32.27:268][171]LogWorld: Bringing World /Game/UEDPIE_0_NewMap.NewMap up for play (max tick rate 0) at 2018.04.22-14.32.27
[2018.04.22-20.32.27:269][171]LogWorld: Bringing up level for play took: 0.001142
[2018.04.22-20.32.27:310][171]LogContentBrowser: Native class hierarchy updated for 'MovieSceneCapture' in 0.0013 seconds. Added 11 classes and 0 folders.
[2018.04.22-20.32.27:341][171]LogTemp: Warning: Position report reporting for duty on SM_Chair_2!
[2018.04.22-20.32.27:341][171]LogTemp: Warning: Position report reporting for duty on SM_Rock_2!
[2018.04.22-20.32.27:342][171]PIE: Play in editor start time for /Game/UEDPIE_0_NewMap 0.187
[2018.04.22-20.32.41:132][802]LogSlate: Took 0.033722 seconds to synchronously load lazily loaded font '../../../Engine/Content/Slate/Fonts/DroidSansMono.ttf' (77K)
[2018.04.22-20.32.51:070][975]LogSlate: FSceneViewport::OnFocusLost() reason 0
[2018.04.22-20.32.54:530][353]LogEditorViewport: Clicking on Actor (LMB): PlayerStart (Player Start)
[2018.04.22-20.32.55:084][386]LogEditorViewport: Clicking on Actor (LMB): PlayerStart (Player Start)
[2018.04.22-20.32.56:491][549]LogNavigationPoint: PostEditMove Clear paths rebuilt
[2018.04.22-20.32.57:924][711]LogNavigationPoint: PostEditMove Clear paths rebuilt
[2018.04.22-20.33.02:886][296]LogNavigationPoint: PostEditMove Clear paths rebuilt
[2018.04.22-20.33.03:794][401]LogEditorViewport: Clicking on Actor (LMB): BP_Sky_Sphere_C (Sky Sphere)
[2018.04.22-20.33.04:743][499]LogEditorViewport: Clicking on Actor (LMB): BP_Sky_Sphere_C (Sky Sphere)
[2018.04.22-20.34.33:788][ 87]LogSlate: Took 0.016676 seconds to synchronously load lazily loaded font '../../../Engine/Content/Slate/Fonts/Roboto-Italic.ttf' (157K)
[2018.04.22-20.35.20:815][139]LogSlate: FSceneViewport::OnFocusLost() reason 0
[2018.04.22-20.35.22:185][293]LogSlate: Took 0.000318 seconds to synchronously load lazily loaded font '../../../Engine/Content/Slate/Fonts/Roboto-Light.ttf' (167K)
[2018.04.22-20.35.22:196][293]Cmd: OBJ SAVEPACKAGE PACKAGE="/Game/NewMap" FILE="../../../../../../Repos/Building-Escape/BuildingEscape/Content/NewMap.umap" SILENT=true AUTOSAVING=false KEEPDIRTY=false
[2018.04.22-20.35.22:270][293]LogSavePackage: Save=39.07ms
[2018.04.22-20.35.22:270][293]LogSavePackage: Moving '../../../../../../Repos/Building-Escape/BuildingEscape/Saved/NewMap28A79BE44C941768432FBF84DEDE6D5D.tmp' to '../../../../../../Repos/Building-Escape/BuildingEscape/Content/NewMap.umap'
[2018.04.22-20.35.22:291][293]LogSavePackage: Display: Finished SavePackage ../../../../../../Repos/Building-Escape/BuildingEscape/Content/NewMap.umap
[2018.04.22-20.35.22:335][293]Cmd: OBJ SAVEPACKAGE PACKAGE="/Game/NewMap_BuiltData" FILE="../../../../../../Repos/Building-Escape/BuildingEscape/Content/NewMap_BuiltData.uasset" SILENT=true
[2018.04.22-20.35.22:428][293]LogSavePackage: Save=58.09ms
[2018.04.22-20.35.22:428][293]LogSavePackage: Moving '../../../../../../Repos/Building-Escape/BuildingEscape/Saved/NewMap_BuiltDataF3E1A1774675A6F5E2BA7BA9D3486677.tmp' to '../../../../../../Repos/Building-Escape/BuildingEscape/Content/NewMap_BuiltData.uasset'
[2018.04.22-20.35.22:430][293]LogSavePackage: Display: Finished SavePackage ../../../../../../Repos/Building-Escape/BuildingEscape/Content/NewMap_BuiltData.uasset
[2018.04.22-20.35.52:309][553]LogVSAccessor: Warning: Visual Studio is open but could not be queried - it may be blocked by a modal operation
[2018.04.22-20.36.50:683][ 16]Candidate modules for hot reload:
[2018.04.22-20.36.50:684][ 16]  BuildingEscape
[2018.04.22-20.36.50:684][ 16]Launching UnrealBuildTool... [D:/Program Files/Epic Games/UE_4.19/Engine/Binaries/DotNET/UnrealBuildTool.exe BuildingEscape -ModuleWithSuffix=BuildingEscape,117 Win64 Development -editorrecompile -canskiplink "D:/Repos/Building-Escape/BuildingEscape/BuildingEscape.uproject" ]
[2018.04.22-20.36.50:686][ 16]Warning: Starting HotReload took  0.0s.
[2018.04.22-20.36.52:810][236]CompilerResultsLog: New page: Compilation - Apr 22, 2018, 8:36:52 AM
[2018.04.22-20.36.52:810][236]CompilerResultsLog: Using 'git status' to determine working set for adaptive non-unity build.
[2018.04.22-20.36.52:811][236]CompilerResultsLog: Compiling game modules for hot reload
[2018.04.22-20.36.52:811][236]CompilerResultsLog: Target is up to date
[2018.04.22-20.36.52:811][236]CompilerResultsLog: Total build time: 1.80 seconds (NoActionsToExecute executor: 0.00 seconds)
[2018.04.22-20.36.52:811][236]LogMainFrame: MainFrame: Module compiling took 2.143 seconds
[2018.04.22-20.36.52:840][236]LogContentBrowser: Native class hierarchy populated in 0.0135 seconds. Added 2455 classes and 562 folders.
[2018.04.22-20.36.52:851][236]Display: HotReload took  2.2s.
[2018.04.22-21.30.06:739][787]LogEditorViewport: Clicking on Actor (LMB): StaticMeshActor (SM_Chair)
[2018.04.22-21.30.08:107][875]LogSlate: FSceneViewport::OnFocusLost() reason 0
[2018.04.22-21.30.08:190][885]LogTemp: Repeating last play command: Selected Viewport
[2018.04.22-21.30.08:250][885]LogPlayLevel: PlayLevel: No blueprints needed recompiling
[2018.04.22-21.30.08:251][885]PIE: New page: PIE session: NewMap (Apr 22, 2018, 9:30:08 AM)
[2018.04.22-21.30.08:251][885]LogPlayLevel: Creating play world package: /Game/UEDPIE_0_NewMap
[2018.04.22-21.30.08:262][885]LogPlayLevel: PIE: StaticDuplicateObject took: (0.011067s)
[2018.04.22-21.30.08:267][885]LogAIModule: Creating AISystem for world NewMap
[2018.04.22-21.30.08:268][885]LogPlayLevel: PIE: World Init took: (0.005407s)
[2018.04.22-21.30.08:268][885]LogPlayLevel: PIE: Created PIE world by copying editor world from /Game/NewMap.NewMap to /Game/UEDPIE_0_NewMap.NewMap (0.017184s)
[2018.04.22-21.30.08:315][885]LogInit: XAudio2 using 'SONY TV-4 (2- NVIDIA High Definition Audio)' : 2 channels at 48 kHz using 16 bits per sample (channel mask 0x3)
[2018.04.22-21.30.08:327][885]LogInit: FAudioDevice initialized.
[2018.04.22-21.30.08:365][885]LogLoad: Game class is 'GameModeBase'
[2018.04.22-21.30.08:366][885]LogWorld: Bringing World /Game/UEDPIE_0_NewMap.NewMap up for play (max tick rate 0) at 2018.04.22-15.30.08
[2018.04.22-21.30.08:367][885]LogWorld: Bringing up level for play took: 0.001321
[2018.04.22-21.30.08:369][885]LogTemp: Warning: Position report reporting for duty on SM_Chair_2!
[2018.04.22-21.30.08:369][885]LogTemp: Warning: Position report reporting for duty on SM_Rock_2!
[2018.04.22-21.30.08:370][885]PIE: Play in editor start time for /Game/UEDPIE_0_NewMap -0.784
[2018.04.22-21.30.11:162][203]LogEditorViewport: Clicking on Actor (LMB): StaticMeshActor (SM_Chair)
[2018.04.22-21.30.11:650][250]Cmd: CAMERA ALIGN ACTIVEVIEWPORTONLY
[2018.04.22-21.34.48:777][299]LogSlate: FSceneViewport::OnFocusLost() reason 0
[2018.04.22-21.34.48:967][310]Candidate modules for hot reload:
[2018.04.22-21.34.48:967][310]  BuildingEscape
[2018.04.22-21.34.48:967][310]Launching UnrealBuildTool... [D:/Program Files/Epic Games/UE_4.19/Engine/Binaries/DotNET/UnrealBuildTool.exe BuildingEscape -ModuleWithSuffix=BuildingEscape,7106 Win64 Development -editorrecompile -canskiplink "D:/Repos/Building-Escape/BuildingEscape/BuildingEscape.uproject" ]
[2018.04.22-21.34.48:970][310]Warning: Starting HotReload took  0.1s.
[2018.04.22-21.35.38:883][290]CompilerResultsLog: New page: Compilation - Apr 22, 2018, 9:35:38 AM
[2018.04.22-21.35.38:884][290]CompilerResultsLog: Using 'git status' to determine working set for adaptive non-unity build.
[2018.04.22-21.35.38:884][290]CompilerResultsLog: Compiling game modules for hot reload
[2018.04.22-21.35.38:884][290]CompilerResultsLog: Performing 3 actions (9 in parallel)
[2018.04.22-21.35.38:884][290]CompilerResultsLog: PositionReport.cpp
[2018.04.22-21.35.38:884][290]CompilerResultsLog: Error: D:\Repos\Building-Escape\BuildingEscape\Source\BuildingEscape\PositionReport.cpp(11) : warning C4996: 'UActorComponent::bWantsBeginPlay': bWantsBeginPlay was inconsistently enforced and is now unused. BeginPlay will now always be called for Actor Components. Please update your code to the new API before upgrading to the next release, otherwise your project will no longer compile.
[2018.04.22-21.35.38:885][290]CompilerResultsLog: Error: D:\Program Files\Epic Games\UE_4.19\Engine\Source\Runtime\Engine\Classes\Components/ActorComponent.h(211) : note: see declaration of 'UActorComponent::bWantsBeginPlay'
[2018.04.22-21.35.38:885][290]CompilerResultsLog: [2/3] Link UE4Editor-BuildingEscape-7106.dll
[2018.04.22-21.35.38:886][290]CompilerResultsLog: [3/3] Link UE4Editor-BuildingEscape-7106.lib
[2018.04.22-21.35.38:886][290]CompilerResultsLog:    Creating library D:\Repos\Building-Escape\BuildingEscape\Intermediate\Build\Win64\UE4Editor\Development\UE4Editor-BuildingEscape-7106.lib and object D:\Repos\Building-Escape\BuildingEscape\Intermediate\Build\Win64\UE4Editor\Development\UE4Editor-BuildingEscape-7106.exp
[2018.04.22-21.35.38:886][290]CompilerResultsLog:    Creating library D:\Repos\Building-Escape\BuildingEscape\Intermediate\Build\Win64\UE4Editor\Development\UE4Editor-BuildingEscape-7106.suppressed.lib and object D:\Repos\Building-Escape\BuildingEscape\Intermediate\Build\Win64\UE4Editor\Development\UE4Editor-BuildingEscape-7106.suppressed.exp
[2018.04.22-21.35.38:887][290]CompilerResultsLog: Total build time: 49.64 seconds (Local executor: 48.62 seconds)
[2018.04.22-21.35.38:887][290]LogMainFrame: MainFrame: Module compiling took 49.925 seconds
[2018.04.22-21.35.38:916][290]LogContentBrowser: Native class hierarchy updated for 'BuildingEscape' in 0.0014 seconds. Added 2 classes and 2 folders.
[2018.04.22-21.35.38:918][290]Display: HotReload successful (0 functions remapped  0 scriptstructs remapped)
[2018.04.22-21.35.39:118][290]LogContentBrowser: Native class hierarchy populated in 0.0137 seconds. Added 2455 classes and 562 folders.
[2018.04.22-21.35.39:118][290]Display: HotReload took 50.2s.
[2018.04.22-21.35.43:538][303]LogTemp: Repeating last play command: Selected Viewport
[2018.04.22-21.35.43:557][303]LogPlayLevel: PlayLevel: No blueprints needed recompiling
[2018.04.22-21.35.43:557][303]PIE: New page: PIE session: NewMap (Apr 22, 2018, 9:35:43 AM)
[2018.04.22-21.35.43:558][303]LogPlayLevel: Creating play world package: /Game/UEDPIE_0_NewMap
[2018.04.22-21.35.43:561][303]LogPlayLevel: PIE: StaticDuplicateObject took: (0.002776s)
[2018.04.22-21.35.43:561][303]LogAIModule: Creating AISystem for world NewMap
[2018.04.22-21.35.43:562][303]LogPlayLevel: PIE: World Init took: (0.000975s)
[2018.04.22-21.35.43:562][303]LogPlayLevel: PIE: Created PIE world by copying editor world from /Game/NewMap.NewMap to /Game/UEDPIE_0_NewMap.NewMap (0.004252s)
[2018.04.22-21.35.43:589][303]LogInit: XAudio2 using 'SONY TV-4 (2- NVIDIA High Definition Audio)' : 2 channels at 48 kHz using 16 bits per sample (channel mask 0x3)
[2018.04.22-21.35.43:598][303]LogInit: FAudioDevice initialized.
[2018.04.22-21.35.43:629][303]LogLoad: Game class is 'GameModeBase'
[2018.04.22-21.35.43:630][303]LogWorld: Bringing World /Game/UEDPIE_0_NewMap.NewMap up for play (max tick rate 0) at 2018.04.22-15.35.43
[2018.04.22-21.35.43:631][303]LogWorld: Bringing up level for play took: 0.001113
[2018.04.22-21.35.43:632][303]LogTemp: Warning: SM_Chair_2 is at #s
[2018.04.22-21.35.43:632][303]LogTemp: Warning: SM_Rock_2 is at #s
[2018.04.22-21.35.43:633][303]PIE: Play in editor start time for /Game/UEDPIE_0_NewMap 0.478
[2018.04.22-21.36.03:642][264]Candidate modules for hot reload:
[2018.04.22-21.36.03:643][264]  BuildingEscape
[2018.04.22-21.36.03:643][264]Launching UnrealBuildTool... [D:/Program Files/Epic Games/UE_4.19/Engine/Binaries/DotNET/UnrealBuildTool.exe BuildingEscape -ModuleWithSuffix=BuildingEscape,2779 Win64 Development -editorrecompile -canskiplink "D:/Repos/Building-Escape/BuildingEscape/BuildingEscape.uproject" ]
[2018.04.22-21.36.03:645][264]Warning: Starting HotReload took  0.0s.
[2018.04.22-21.36.06:227][570]CompilerResultsLog: New page: Compilation - Apr 22, 2018, 9:36:06 AM
[2018.04.22-21.36.06:227][570]CompilerResultsLog: Using 'git status' to determine working set for adaptive non-unity build.
[2018.04.22-21.36.06:227][570]CompilerResultsLog: Compiling game modules for hot reload
[2018.04.22-21.36.06:228][570]CompilerResultsLog: Performing 3 actions (9 in parallel)
[2018.04.22-21.36.06:228][570]CompilerResultsLog: PositionReport.cpp
[2018.04.22-21.36.06:228][570]CompilerResultsLog: Error: D:\Repos\Building-Escape\BuildingEscape\Source\BuildingEscape\PositionReport.cpp(11) : warning C4996: 'UActorComponent::bWantsBeginPlay': bWantsBeginPlay was inconsistently enforced and is now unused. BeginPlay will now always be called for Actor Components. Please update your code to the new API before upgrading to the next release, otherwise your project will no longer compile.
[2018.04.22-21.36.06:229][570]CompilerResultsLog: Error: D:\Program Files\Epic Games\UE_4.19\Engine\Source\Runtime\Engine\Classes\Components/ActorComponent.h(211) : note: see declaration of 'UActorComponent::bWantsBeginPlay'
[2018.04.22-21.36.06:229][570]CompilerResultsLog: [2/3] Link UE4Editor-BuildingEscape-2779.dll
[2018.04.22-21.36.06:229][570]CompilerResultsLog: [3/3] Link UE4Editor-BuildingEscape-2779.lib
[2018.04.22-21.36.06:229][570]CompilerResultsLog:    Creating library D:\Repos\Building-Escape\BuildingEscape\Intermediate\Build\Win64\UE4Editor\Development\UE4Editor-BuildingEscape-2779.lib and object D:\Repos\Building-Escape\BuildingEscape\Intermediate\Build\Win64\UE4Editor\Development\UE4Editor-BuildingEscape-2779.exp
[2018.04.22-21.36.06:230][570]CompilerResultsLog:    Creating library D:\Repos\Building-Escape\BuildingEscape\Intermediate\Build\Win64\UE4Editor\Development\UE4Editor-BuildingEscape-2779.suppressed.lib and object D:\Repos\Building-Escape\BuildingEscape\Intermediate\Build\Win64\UE4Editor\Development\UE4Editor-BuildingEscape-2779.suppressed.exp
[2018.04.22-21.36.06:230][570]CompilerResultsLog: Total build time: 2.34 seconds (Local executor: 1.32 seconds)
[2018.04.22-21.36.06:230][570]LogMainFrame: MainFrame: Module compiling took 2.592 seconds
[2018.04.22-21.36.06:258][570]LogContentBrowser: Native class hierarchy updated for 'BuildingEscape' in 0.0011 seconds. Added 2 classes and 2 folders.
[2018.04.22-21.36.06:260][570]Display: HotReload successful (0 functions remapped  0 scriptstructs remapped)
[2018.04.22-21.36.06:302][570]LogContentBrowser: Native class hierarchy populated in 0.0137 seconds. Added 2455 classes and 562 folders.
[2018.04.22-21.36.06:302][570]Display: HotReload took  2.7s.
[2018.04.22-21.36.07:958][768]LogTemp: Repeating last play command: Selected Viewport
[2018.04.22-21.36.07:977][768]LogPlayLevel: PlayLevel: No blueprints needed recompiling
[2018.04.22-21.36.07:977][768]PIE: New page: PIE session: NewMap (Apr 22, 2018, 9:36:07 AM)
[2018.04.22-21.36.07:977][768]LogPlayLevel: Creating play world package: /Game/UEDPIE_0_NewMap
[2018.04.22-21.36.07:981][768]LogPlayLevel: PIE: StaticDuplicateObject took: (0.003690s)
[2018.04.22-21.36.07:983][768]LogAIModule: Creating AISystem for world NewMap
[2018.04.22-21.36.07:983][768]LogPlayLevel: PIE: World Init took: (0.001686s)
[2018.04.22-21.36.07:983][768]LogPlayLevel: PIE: Created PIE world by copying editor world from /Game/NewMap.NewMap to /Game/UEDPIE_0_NewMap.NewMap (0.005974s)
[2018.04.22-21.36.08:009][768]LogInit: XAudio2 using 'SONY TV-4 (2- NVIDIA High Definition Audio)' : 2 channels at 48 kHz using 16 bits per sample (channel mask 0x3)
[2018.04.22-21.36.08:018][768]LogInit: FAudioDevice initialized.
[2018.04.22-21.36.08:048][768]LogLoad: Game class is 'GameModeBase'
[2018.04.22-21.36.08:049][768]LogWorld: Bringing World /Game/UEDPIE_0_NewMap.NewMap up for play (max tick rate 0) at 2018.04.22-15.36.08
[2018.04.22-21.36.08:050][768]LogWorld: Bringing up level for play took: 0.000970
[2018.04.22-21.36.08:051][768]LogTemp: Warning: SM_Chair_2 is at X=something, Y=something else, etc
[2018.04.22-21.36.08:051][768]LogTemp: Warning: SM_Rock_2 is at X=something, Y=something else, etc
[2018.04.22-21.36.08:051][768]PIE: Play in editor start time for /Game/UEDPIE_0_NewMap 0.897
[2018.04.22-21.36.29:781][527]LogEditorViewport: Clicking on Actor (LMB): StaticMeshActor (SM_Chair)
[2018.04.22-21.36.35:271][145]LogEditorViewport: Clicking on Actor (LMB): StaticMeshActor (SM_Rock)
[2018.04.22-21.36.37:776][436]LogEditorViewport: Clicking on Actor (LMB): StaticMeshActor (Floor)
[2018.04.22-21.36.39:140][590]LogEditorViewport: Clicking on Actor (LMB): StaticMeshActor (SM_Chair)
[2018.04.22-21.37.58:738][404]LogSlate: FSceneViewport::OnFocusLost() reason 0
[2018.04.22-21.37.58:806][412]MapCheck: New page: Map Check
[2018.04.22-21.37.58:830][412]Cmd: MAP REBUILD ALLVISIBLE
[2018.04.22-21.37.58:831][412]LogEditorServer: Rebuildmap Clear paths rebuilt
[2018.04.22-21.37.59:000][412]LogMaterial: Missing cached shader map for material FDebugViewModeMaterialProxy WorldGridMaterial, compiling. Is special engine material.
[2018.04.22-21.37.59:056][412]LogShaderCompilers: Display: Shaders left to compile 1
[2018.04.22-21.37.59:056][412]LogMaterial: Missing cached shader map for material FDebugViewModeMaterialProxy DefaultMaterial, compiling. 
[2018.04.22-21.37.59:062][412]LogMaterial: Missing cached shader map for material FDebugViewModeMaterialProxy MaterialInstanceDynamic_1, compiling. 
[2018.04.22-21.37.59:068][412]LogMaterial: Missing cached shader map for material FDebugViewModeMaterialProxy M_Chair, compiling. 
[2018.04.22-21.37.59:074][412]LogMaterial: Missing cached shader map for material FDebugViewModeMaterialProxy M_Rock, compiling. 
[2018.04.22-21.38.01:128][412]LogShaderCompilers: Display: Shaders left to compile 4
[2018.04.22-21.38.01:128][412]LogShaderCompilers: Display: Shaders left to compile 3
[2018.04.22-21.38.01:129][412]LogShaderCompilers: Display: Shaders left to compile 2
[2018.04.22-21.38.01:129][412]LogShaderCompilers: Display: Shaders left to compile 1
[2018.04.22-21.38.01:129][412]TextureStreamingBuild: Display: Compiling optional shaders took 2.142 seconds.
[2018.04.22-21.38.01:169][412]LogLevel: Display: Export Material TexCoord Scales took 0.040 seconds.
[2018.04.22-21.38.01:175][412]TextureStreamingBuild: Display: Build Texture Streaming took 0.005 seconds.
[2018.04.22-21.38.01:201][412]LightingResults: New page: Lighting Build - Apr 22, 2018, 9:38:01 AM
[2018.04.22-21.38.01:506][412]LogSwarmInterface: [OpenConnection] Registering TCP channel ...
[2018.04.22-21.38.01:665][412]LogSwarmInterface: [OpenConnection] Connecting to agent ...
[2018.04.22-21.38.01:683][412]LogSwarmInterface: [TryOpenConnection] Testing the Agent
[2018.04.22-21.38.02:724][412]LogSwarmInterface: [TryOpenConnection] Opening Connection to Agent
[2018.04.22-21.38.02:725][412]LogSwarmInterface: [TryOpenConnection] Local Process ID is 13064
[2018.04.22-21.38.05:517][412]LogStaticLightingSystem: Warning: No importance volume found, so the scene bounding box was used.  You can optimize your scene's quality and lighting build times by adding importance volumes.
[2018.04.22-21.38.05:518][412]LogStaticLightingSystem: Running Lightmass w/ ImmediateImport mode ENABLED
[2018.04.22-21.38.05:518][412]LogStaticLightingSystem: Running Lightmass w/ ImmediateProcess mode ENABLED
[2018.04.22-21.38.05:518][412]LogStaticLightingSystem: Running Lightmass w/ Sorting mode ENABLED
[2018.04.22-21.38.05:518][412]LogStaticLightingSystem: Running Lightmass w/ Mapping paddings ENABLED
[2018.04.22-21.38.05:518][412]LogStaticLightingSystem: Running Lightmass w/ Mapping debug paddings DISABLED
[2018.04.22-21.38.05:686][412]Cmd: MAP CHECK DONTDISPLAYDIALOG
[2018.04.22-21.38.05:686][412]MapCheck: New page: NewMap - Apr 22, 2018, 9:38:05 AM
[2018.04.22-21.38.05:788][412]MapCheck: Map check complete: 0 Error(s), 0 Warning(s), took 102.376ms to complete.
[2018.04.22-21.38.05:811][412]LogEditorBuildUtils: Build time 0:06
[2018.04.22-21.38.08:086][524]Job is a success!
[2018.04.22-21.38.08:166][525]LogVolumetricLightmapImport: Imported Volumetric Lightmap in 0.010s
[2018.04.22-21.38.08:166][525]LogVolumetricLightmapImport:      Indirection Texture 16x16x16 = 0.0Mb
[2018.04.22-21.38.08:166][525]LogVolumetricLightmapImport:      BrickData 40x5x5 = 0.0Mb
[2018.04.22-21.38.08:166][525]LogVolumetricLightmapImport:      Bricks at Level
[2018.04.22-21.38.08:167][525]LogVolumetricLightmapImport:          0: 12.5% covering 100.0% of volume
[2018.04.22-21.38.08:167][525]LogVolumetricLightmapImport:          1: 12.5% covering 1.6% of volume
[2018.04.22-21.38.08:167][525]LogVolumetricLightmapImport:          2: 75.0% covering 0.1% of volume
[2018.04.22-21.38.08:260][525]LogTexture: Display: Building textures: HQ_Lightmap0_2 (AutoDXT, 64X64)
[2018.04.22-21.38.08:261][525]LogTexture: Display: Building textures: HQ_Lightmap0_1 (AutoDXT, 256X256)
[2018.04.22-21.38.08:261][525]LogTexture: Display: Building textures: LQ_Lightmap_0_1 (DXT1, 256X256)
[2018.04.22-21.38.08:261][525]LogTexture: Display: Building textures: LQ_Lightmap_0_2 (DXT1, 64X64)
[2018.04.22-21.38.08:262][525]LogTexture: Display: Building textures: ShadowMapTexture2D_3 (G8, 32X32)
[2018.04.22-21.38.08:262][525]LogTexture: Display: Building textures: ShadowMapTexture2D_2 (G8, 256X128)
[2018.04.22-21.38.08:291][525]Lightmass on HMD-PC: 1.51 sec total, 190 ms importing, 21 ms setup, 678 ms photons, 576 ms processing, 0 ms extra exporting [4/4 mappings]. Threads: 5.86 sec total, 541 ms processing.
[2018.04.22-21.38.08:330][525]LogStaticLightingSystem: Illumination: 7.10 sec (68 ms encoding lightmaps, 12 ms encoding shadowmaps)
[2018.04.22-21.38.08:330][525]LogStaticLightingSystem: Lightmap texture memory:  0.1 MB (0.1 MB streaming, 0.0 MB non-streaming), 4 textures
[2018.04.22-21.38.08:330][525]LogStaticLightingSystem: Shadowmap texture memory: 0.0 MB (0.0 MB streaming, 0.0 MB non-streaming), 2 textures
[2018.04.22-21.38.08:522][525]DumpUnbuiltLightIteractions
[2018.04.22-21.38.08:522][525]Lights with unbuilt interactions: 0
[2018.04.22-21.38.08:522][525]
[2018.04.22-21.38.08:522][525]Primitives with unbuilt interactions: 0
[2018.04.22-21.38.08:623][526]Cmd: MAP CHECK NOTIFYRESULTS
[2018.04.22-21.38.08:623][526]MapCheck: New page: NewMap - Apr 22, 2018, 9:38:08 AM
[2018.04.22-21.38.08:698][526]MapCheck: Map check complete: 0 Error(s), 0 Warning(s), took 74.029ms to complete.
[2018.04.22-21.38.09:799][617]Candidate modules for hot reload:
[2018.04.22-21.38.09:799][617]  BuildingEscape
[2018.04.22-21.38.09:799][617]Launching UnrealBuildTool... [D:/Program Files/Epic Games/UE_4.19/Engine/Binaries/DotNET/UnrealBuildTool.exe BuildingEscape -ModuleWithSuffix=BuildingEscape,934 Win64 Development -editorrecompile -canskiplink "D:/Repos/Building-Escape/BuildingEscape/BuildingEscape.uproject" ]
[2018.04.22-21.38.09:801][617]Warning: Starting HotReload took  0.0s.
[2018.04.22-21.38.11:830][790]CompilerResultsLog: New page: Compilation - Apr 22, 2018, 9:38:11 AM
[2018.04.22-21.38.11:831][790]CompilerResultsLog: Using 'git status' to determine working set for adaptive non-unity build.
[2018.04.22-21.38.11:831][790]CompilerResultsLog: Compiling game modules for hot reload
[2018.04.22-21.38.11:831][790]CompilerResultsLog: Performing 3 actions (9 in parallel)
[2018.04.22-21.38.11:831][790]CompilerResultsLog: PositionReport.cpp
[2018.04.22-21.38.11:831][790]CompilerResultsLog: Error: D:\Repos\Building-Escape\BuildingEscape\Source\BuildingEscape\PositionReport.cpp(11) : warning C4996: 'UActorComponent::bWantsBeginPlay': bWantsBeginPlay was inconsistently enforced and is now unused. BeginPlay will now always be called for Actor Components. Please update your code to the new API before upgrading to the next release, otherwise your project will no longer compile.
[2018.04.22-21.38.11:832][790]CompilerResultsLog: Error: D:\Program Files\Epic Games\UE_4.19\Engine\Source\Runtime\Engine\Classes\Components/ActorComponent.h(211) : note: see declaration of 'UActorComponent::bWantsBeginPlay'
[2018.04.22-21.38.11:833][790]CompilerResultsLog: Error: D:\Repos\Building-Escape\BuildingEscape\Source\BuildingEscape\PositionReport.cpp(23) : error C3867: 'AActor::AddActorWorldOffset': non-standard syntax; use '&' to create a pointer to member
[2018.04.22-21.38.11:833][790]CompilerResultsLog: ERROR: UBT ERROR: Failed to produce item: D:\Repos\Building-Escape\BuildingEscape\Binaries\Win64\UE4Editor-BuildingEscape-934.dll
[2018.04.22-21.38.11:833][790]CompilerResultsLog: Total build time: 1.79 seconds (Local executor: 0.00 seconds)
[2018.04.22-21.38.11:833][790]LogMainFrame: MainFrame: Module compiling took 2.042 seconds
[2018.04.22-21.38.11:834][790]Warning: HotReload failed, recompile failed
[2018.04.22-21.41.59:069][852]Candidate modules for hot reload:
[2018.04.22-21.41.59:069][852]  BuildingEscape
[2018.04.22-21.41.59:069][852]Launching UnrealBuildTool... [D:/Program Files/Epic Games/UE_4.19/Engine/Binaries/DotNET/UnrealBuildTool.exe BuildingEscape -ModuleWithSuffix=BuildingEscape,4713 Win64 Development -editorrecompile -canskiplink "D:/Repos/Building-Escape/BuildingEscape/BuildingEscape.uproject" ]
[2018.04.22-21.41.59:071][852]Warning: Starting HotReload took  0.0s.
[2018.04.22-21.42.01:753][152]CompilerResultsLog: New page: Compilation - Apr 22, 2018, 9:42:01 AM
[2018.04.22-21.42.01:754][152]CompilerResultsLog: Using 'git status' to determine working set for adaptive non-unity build.
[2018.04.22-21.42.01:754][152]CompilerResultsLog: Compiling game modules for hot reload
[2018.04.22-21.42.01:754][152]CompilerResultsLog: Performing 3 actions (9 in parallel)
[2018.04.22-21.42.01:754][152]CompilerResultsLog: PositionReport.cpp
[2018.04.22-21.42.01:754][152]CompilerResultsLog: Error: D:\Repos\Building-Escape\BuildingEscape\Source\BuildingEscape\PositionReport.cpp(11) : warning C4996: 'UActorComponent::bWantsBeginPlay': bWantsBeginPlay was inconsistently enforced and is now unused. BeginPlay will now always be called for Actor Components. Please update your code to the new API before upgrading to the next release, otherwise your project will no longer compile.
[2018.04.22-21.42.01:755][152]CompilerResultsLog: Error: D:\Program Files\Epic Games\UE_4.19\Engine\Source\Runtime\Engine\Classes\Components/ActorComponent.h(211) : note: see declaration of 'UActorComponent::bWantsBeginPlay'
[2018.04.22-21.42.01:755][152]CompilerResultsLog: [2/3] Link UE4Editor-BuildingEscape-4713.dll
[2018.04.22-21.42.01:755][152]CompilerResultsLog: [3/3] Link UE4Editor-BuildingEscape-4713.lib
[2018.04.22-21.42.01:756][152]CompilerResultsLog:    Creating library D:\Repos\Building-Escape\BuildingEscape\Intermediate\Build\Win64\UE4Editor\Development\UE4Editor-BuildingEscape-4713.lib and object D:\Repos\Building-Escape\BuildingEscape\Intermediate\Build\Win64\UE4Editor\Development\UE4Editor-BuildingEscape-4713.exp
[2018.04.22-21.42.01:756][152]CompilerResultsLog:    Creating library D:\Repos\Building-Escape\BuildingEscape\Intermediate\Build\Win64\UE4Editor\Development\UE4Editor-BuildingEscape-4713.suppressed.lib and object D:\Repos\Building-Escape\BuildingEscape\Intermediate\Build\Win64\UE4Editor\Development\UE4Editor-BuildingEscape-4713.suppressed.exp
[2018.04.22-21.42.01:757][152]CompilerResultsLog: Total build time: 2.44 seconds (Local executor: 1.42 seconds)
[2018.04.22-21.42.01:757][152]LogMainFrame: MainFrame: Module compiling took 2.692 seconds
[2018.04.22-21.42.01:786][152]LogContentBrowser: Native class hierarchy updated for 'BuildingEscape' in 0.0012 seconds. Added 2 classes and 2 folders.
[2018.04.22-21.42.01:788][152]Display: HotReload successful (0 functions remapped  0 scriptstructs remapped)
[2018.04.22-21.42.01:827][152]LogContentBrowser: Native class hierarchy populated in 0.0118 seconds. Added 2455 classes and 562 folders.
[2018.04.22-21.42.01:827][152]Display: HotReload took  2.8s.
[2018.04.22-21.42.02:581][242]LogTemp: Repeating last play command: Selected Viewport
[2018.04.22-21.42.02:599][242]LogPlayLevel: PlayLevel: No blueprints needed recompiling
[2018.04.22-21.42.02:600][242]PIE: New page: PIE session: NewMap (Apr 22, 2018, 9:42:02 AM)
[2018.04.22-21.42.02:600][242]LogPlayLevel: Creating play world package: /Game/UEDPIE_0_NewMap
[2018.04.22-21.42.02:603][242]LogPlayLevel: PIE: StaticDuplicateObject took: (0.002788s)
[2018.04.22-21.42.02:605][242]LogAIModule: Creating AISystem for world NewMap
[2018.04.22-21.42.02:605][242]LogPlayLevel: PIE: World Init took: (0.001887s)
[2018.04.22-21.42.02:605][242]LogPlayLevel: PIE: Created PIE world by copying editor world from /Game/NewMap.NewMap to /Game/UEDPIE_0_NewMap.NewMap (0.005157s)
[2018.04.22-21.42.02:631][242]LogInit: XAudio2 using 'SONY TV-4 (2- NVIDIA High Definition Audio)' : 2 channels at 48 kHz using 16 bits per sample (channel mask 0x3)
[2018.04.22-21.42.02:640][242]LogInit: FAudioDevice initialized.
[2018.04.22-21.42.02:671][242]LogLoad: Game class is 'GameModeBase'
[2018.04.22-21.42.02:673][242]LogWorld: Bringing World /Game/UEDPIE_0_NewMap.NewMap up for play (max tick rate 0) at 2018.04.22-15.42.02
[2018.04.22-21.42.02:673][242]LogWorld: Bringing up level for play took: 0.001009
[2018.04.22-21.42.02:674][242]LogTemp: Warning: SM_Chair_2 is at X=50.000 Y=140.000 Z=20.000
[2018.04.22-21.42.02:674][242]LogTemp: Warning: SM_Rock_2 is at X=-230.000 Y=210.000 Z=20.000
[2018.04.22-21.42.02:675][242]PIE: Play in editor start time for /Game/UEDPIE_0_NewMap -0.479
[2018.04.22-21.46.34:554][668]LogSlate: FSceneViewport::OnFocusLost() reason 0
[2018.04.22-21.46.34:622][675]Candidate modules for hot reload:
[2018.04.22-21.46.34:623][675]  BuildingEscape
[2018.04.22-21.46.34:623][675]Launching UnrealBuildTool... [D:/Program Files/Epic Games/UE_4.19/Engine/Binaries/DotNET/UnrealBuildTool.exe BuildingEscape -ModuleWithSuffix=BuildingEscape,3824 Win64 Development -editorrecompile -canskiplink "D:/Repos/Building-Escape/BuildingEscape/BuildingEscape.uproject" ]
[2018.04.22-21.46.34:625][675]Warning: Starting HotReload took  0.0s.
[2018.04.22-21.46.37:311][990]CompilerResultsLog: New page: Compilation - Apr 22, 2018, 9:46:37 AM
[2018.04.22-21.46.37:312][990]CompilerResultsLog: Using 'git status' to determine working set for adaptive non-unity build.
[2018.04.22-21.46.37:312][990]CompilerResultsLog: Compiling game modules for hot reload
[2018.04.22-21.46.37:312][990]CompilerResultsLog: Performing 3 actions (9 in parallel)
[2018.04.22-21.46.37:312][990]CompilerResultsLog: PositionReport.cpp
[2018.04.22-21.46.37:312][990]CompilerResultsLog: Error: D:\Repos\Building-Escape\BuildingEscape\Source\BuildingEscape\PositionReport.cpp(11) : warning C4996: 'UActorComponent::bWantsBeginPlay': bWantsBeginPlay was inconsistently enforced and is now unused. BeginPlay will now always be called for Actor Components. Please update your code to the new API before upgrading to the next release, otherwise your project will no longer compile.
[2018.04.22-21.46.37:313][990]CompilerResultsLog: Error: D:\Program Files\Epic Games\UE_4.19\Engine\Source\Runtime\Engine\Classes\Components/ActorComponent.h(211) : note: see declaration of 'UActorComponent::bWantsBeginPlay'
[2018.04.22-21.46.37:313][990]CompilerResultsLog: [2/3] Link UE4Editor-BuildingEscape-3824.dll
[2018.04.22-21.46.37:313][990]CompilerResultsLog: [3/3] Link UE4Editor-BuildingEscape-3824.lib
[2018.04.22-21.46.37:313][990]CompilerResultsLog:    Creating library D:\Repos\Building-Escape\BuildingEscape\Intermediate\Build\Win64\UE4Editor\Development\UE4Editor-BuildingEscape-3824.lib and object D:\Repos\Building-Escape\BuildingEscape\Intermediate\Build\Win64\UE4Editor\Development\UE4Editor-BuildingEscape-3824.exp
[2018.04.22-21.46.37:314][990]CompilerResultsLog:    Creating library D:\Repos\Building-Escape\BuildingEscape\Intermediate\Build\Win64\UE4Editor\Development\UE4Editor-BuildingEscape-3824.suppressed.lib and object D:\Repos\Building-Escape\BuildingEscape\Intermediate\Build\Win64\UE4Editor\Development\UE4Editor-BuildingEscape-3824.suppressed.exp
[2018.04.22-21.46.37:314][990]CompilerResultsLog: Total build time: 2.46 seconds (Local executor: 1.42 seconds)
[2018.04.22-21.46.37:315][990]LogMainFrame: MainFrame: Module compiling took 2.696 seconds
[2018.04.22-21.46.37:348][990]LogContentBrowser: Native class hierarchy updated for 'BuildingEscape' in 0.0012 seconds. Added 2 classes and 2 folders.
[2018.04.22-21.46.37:350][990]Display: HotReload successful (0 functions remapped  0 scriptstructs remapped)
[2018.04.22-21.46.37:390][990]LogContentBrowser: Native class hierarchy populated in 0.0123 seconds. Added 2455 classes and 562 folders.
[2018.04.22-21.46.37:391][990]Display: HotReload took  2.8s.
[2018.04.22-21.46.38:433][115]LogTemp: Repeating last play command: Selected Viewport
[2018.04.22-21.46.38:451][115]LogPlayLevel: PlayLevel: No blueprints needed recompiling
[2018.04.22-21.46.38:452][115]PIE: New page: PIE session: NewMap (Apr 22, 2018, 9:46:38 AM)
[2018.04.22-21.46.38:452][115]LogPlayLevel: Creating play world package: /Game/UEDPIE_0_NewMap
[2018.04.22-21.46.38:455][115]LogPlayLevel: PIE: StaticDuplicateObject took: (0.002521s)
[2018.04.22-21.46.38:456][115]LogAIModule: Creating AISystem for world NewMap
[2018.04.22-21.46.38:456][115]LogPlayLevel: PIE: World Init took: (0.001115s)
[2018.04.22-21.46.38:456][115]LogPlayLevel: PIE: Created PIE world by copying editor world from /Game/NewMap.NewMap to /Game/UEDPIE_0_NewMap.NewMap (0.004193s)
[2018.04.22-21.46.38:482][115]LogInit: XAudio2 using 'SONY TV-4 (2- NVIDIA High Definition Audio)' : 2 channels at 48 kHz using 16 bits per sample (channel mask 0x3)
[2018.04.22-21.46.38:491][115]LogInit: FAudioDevice initialized.
[2018.04.22-21.46.38:524][115]LogLoad: Game class is 'GameModeBase'
[2018.04.22-21.46.38:525][115]LogWorld: Bringing World /Game/UEDPIE_0_NewMap.NewMap up for play (max tick rate 0) at 2018.04.22-15.46.38
[2018.04.22-21.46.38:526][115]LogWorld: Bringing up level for play took: 0.001023
[2018.04.22-21.46.38:527][115]LogTemp: Warning: SM_Chair_2 is at X=50.000 Y=140.000 Z=20.000
[2018.04.22-21.46.38:527][115]LogTemp: Warning: SM_Rock_2 is at X=-230.000 Y=210.000 Z=20.000
[2018.04.22-21.46.38:528][115]PIE: Play in editor start time for /Game/UEDPIE_0_NewMap -0.627
[2018.04.22-21.48.23:993][263]LogEditorViewport: Clicking on Actor (LMB): StaticMeshActor (SM_Chair)
[2018.04.22-21.48.29:223][848]LogSlate: FSceneViewport::OnFocusLost() reason 0
[2018.04.22-21.48.31:249][ 72]LogEditorViewport: Clicking on Actor (context menu): StaticMeshActor (Floor)
[2018.04.22-21.48.31:372][ 72]LogSlate: FSceneViewport::OnFocusLost() reason 2
[2018.04.22-21.48.52:832][515]Cmd: CAMERA ALIGN ACTIVEVIEWPORTONLY
[2018.04.22-21.48.55:030][761]Cmd: CAMERA ALIGN ACTIVEVIEWPORTONLY
[2018.04.22-21.48.56:237][902]Cmd: CAMERA ALIGN ACTIVEVIEWPORTONLY
[2018.04.22-21.48.59:839][324]Cmd: TRANSACTION UNDO
[2018.04.22-21.48.59:840][324]LogEditorTransaction: Undo Move Actors
[2018.04.22-21.49.01:206][472]Cmd: CAMERA ALIGN ACTIVEVIEWPORTONLY
[2018.04.22-21.49.03:187][701]Cmd: TRANSACTION UNDO
[2018.04.22-21.49.03:187][701]LogEditorTransaction: Undo Move Actors
[2018.04.22-21.49.08:869][326]Cmd: CAMERA ALIGN ACTIVEVIEWPORTONLY
[2018.04.22-21.49.14:784][ 26]Cmd: CAMERA ALIGN ACTIVEVIEWPORTONLY
[2018.04.22-21.49.20:346][690]Cmd: CAMERA ALIGN ACTIVEVIEWPORTONLY
[2018.04.22-21.50.01:444][440]LogSlate: FSceneViewport::OnFocusLost() reason 2
[2018.04.22-21.50.01:524][440]Cmd: OBJ SAVEPACKAGE PACKAGE="/Game/NewMap" FILE="../../../../../../Repos/Building-Escape/BuildingEscape/Content/NewMap.umap" SILENT=true AUTOSAVING=false KEEPDIRTY=false
[2018.04.22-21.50.01:571][440]LogSavePackage: Save=27.05ms
[2018.04.22-21.50.01:571][440]LogSavePackage: Moving '../../../../../../Repos/Building-Escape/BuildingEscape/Saved/NewMap50689046405BFBA69C59409A2A027892.tmp' to '../../../../../../Repos/Building-Escape/BuildingEscape/Content/NewMap.umap'
[2018.04.22-21.50.01:576][440]LogSavePackage: Display: Finished SavePackage ../../../../../../Repos/Building-Escape/BuildingEscape/Content/NewMap.umap
[2018.04.22-21.50.01:604][440]LogFileHelpers: Saving map 'NewMap' took 0.153
[2018.04.22-21.50.01:606][440]Cmd: OBJ SAVEPACKAGE PACKAGE="/Game/NewMap_BuiltData" FILE="../../../../../../Repos/Building-Escape/BuildingEscape/Content/NewMap_BuiltData.uasset" SILENT=true
[2018.04.22-21.50.01:646][440]LogSavePackage: Save=28.20ms
[2018.04.22-21.50.01:646][440]LogSavePackage: Moving '../../../../../../Repos/Building-Escape/BuildingEscape/Saved/NewMap_BuiltData059A22214E50CE35D76335925C5F42E7.tmp' to '../../../../../../Repos/Building-Escape/BuildingEscape/Content/NewMap_BuiltData.uasset'
[2018.04.22-21.50.01:651][440]LogSavePackage: Display: Finished SavePackage ../../../../../../Repos/Building-Escape/BuildingEscape/Content/NewMap_BuiltData.uasset
