Log file open, 04/21/18 14:58:55
LogWindows: Failed to load 'aqProf.dll' (GetLastError=126)
LogWindows: File 'aqProf.dll' does not exist
LogWindows: Failed to load 'VtuneApi.dll' (GetLastError=126)
LogWindows: File 'VtuneApi.dll' does not exist
LogWindows: Failed to load 'VtuneApi32e.dll' (GetLastError=126)
LogWindows: File 'VtuneApi32e.dll' does not exist
LogInit: Display: Running engine for game: BuildingEscape
LogPlatformFile: Not using cached read wrapper
LogInit: Display: RandInit(-131749132) SRandInit(-131749132).
LogInit: Read version file with build ID '3944462'
LogInit: Overriding engine version to CL 3989454, compatible CL 3944462
LogInit: Registered custom module enumerator with build ID '3944462'
LogTaskGraph: Started task graph with 5 named threads and 35 total threads with 3 sets of task threads.
LogStats: Stats thread started at 0.400076
LogD3D11RHI: Aftermath initialized
LogICUInternationalization: Display: ICU TimeZone Detection - Raw Offset: -7:00, Platform Override: ''
LogPluginManager: Mounting plugin Paper2D
LogPluginManager: Mounting plugin LiveLink
LogPluginManager: Mounting plugin LightPropagationVolume
LogPluginManager: Mounting plugin CLionSourceCodeAccess
LogPluginManager: Mounting plugin CodeLiteSourceCodeAccess
LogPluginManager: Mounting plugin GitSourceControl
LogPluginManager: Mounting plugin KDevelopSourceCodeAccess
LogPluginManager: Mounting plugin NullSourceCodeAccess
LogPluginManager: Mounting plugin PerforceSourceControl
LogPluginManager: Mounting plugin SubversionSourceControl
LogPluginManager: Mounting plugin UObjectPlugin
LogPluginManager: Mounting plugin VisualStudioCodeSourceCodeAccess
LogPluginManager: Mounting plugin VisualStudioSourceCodeAccess
LogPluginManager: Mounting plugin XCodeSourceCodeAccess
LogPluginManager: Mounting plugin AssetManagerEditor
LogPluginManager: Mounting plugin CryptoKeys
LogPluginManager: Mounting plugin DataValidation
LogPluginManager: Mounting plugin FacialAnimation
LogPluginManager: Mounting plugin GameplayTagsEditor
LogPluginManager: Mounting plugin MobileLauncherProfileWizard
LogPluginManager: Mounting plugin PluginBrowser
LogPluginManager: Mounting plugin SpeedTreeImporter
LogPluginManager: Mounting plugin DatasmithContent
LogPluginManager: Mounting plugin AlembicImporter
LogPluginManager: Mounting plugin CharacterAI
LogPluginManager: Mounting plugin HTML5Networking
LogPluginManager: Mounting plugin AndroidMedia
LogPluginManager: Mounting plugin AvfMedia
LogPluginManager: Mounting plugin ImgMedia
LogPluginManager: Mounting plugin LinearTimecode
LogPluginManager: Mounting plugin MediaCompositing
LogPluginManager: Mounting plugin MediaPlayerEditor
LogPluginManager: Mounting plugin WmfMedia
LogPluginManager: Mounting plugin TcpMessaging
LogPluginManager: Mounting plugin UdpMessaging
LogPluginManager: Mounting plugin ActorSequence
LogPluginManager: Mounting plugin LevelSequenceEditor
LogPluginManager: Mounting plugin MatineeToLevelSequence
LogPluginManager: Mounting plugin NetcodeUnitTest
LogPluginManager: Mounting plugin NUTUnrealEngine4
LogPluginManager: Mounting plugin OnlineSubsystemGooglePlay
LogPluginManager: Mounting plugin OnlineSubsystemIOS
LogPluginManager: Mounting plugin OnlineSubsystem
LogPluginManager: Mounting plugin OnlineSubsystemNull
LogPluginManager: Mounting plugin OnlineSubsystemUtils
LogPluginManager: Mounting plugin AndroidDeviceProfileSelector
LogPluginManager: Mounting plugin AndroidMoviePlayer
LogPluginManager: Mounting plugin AndroidPermission
LogPluginManager: Mounting plugin AppleARKit
LogPluginManager: Mounting plugin AppleMoviePlayer
LogPluginManager: Mounting plugin ArchVisCharacter
LogPluginManager: Mounting plugin AudioCapture
LogPluginManager: Mounting plugin CableComponent
LogPluginManager: Mounting plugin CustomMeshComponent
LogPluginManager: Mounting plugin ExampleDeviceProfileSelector
LogPluginManager: Mounting plugin GoogleCloudMessaging
LogPluginManager: Mounting plugin ImmediatePhysics
LogPluginManager: Mounting plugin IOSDeviceProfileSelector
LogPluginManager: Mounting plugin LinuxDeviceProfileSelector
LogPluginManager: Mounting plugin LocationServicesBPLibrary
LogPluginManager: Mounting plugin MobilePatchingUtils
LogPluginManager: Mounting plugin OculusVR
LogPluginManager: Plugin shader directory ../../../Engine/Plugins/Runtime/Oculus/OculusVR/Shaders found
LogPluginManager: Mapping shader source directory ../../../Engine/Plugins/Runtime/Oculus/OculusVR/Shaders to virtual directory /Plugin/OculusVR
LogPluginManager: Mounting plugin PhysXVehicles
LogPluginManager: Mounting plugin ProceduralMeshComponent
LogPluginManager: Mounting plugin RuntimePhysXCooking
LogPluginManager: Mounting plugin SteamVR
LogPluginManager: Mounting plugin WindowsMoviePlayer
LogStreaming: Display: Took  0.130s to configure plugins.
LogModuleManager: Display: Found up-to-date module file ../../../../../../Repos/Building-Escape/BuildingEscape/Binaries/Win64/UE4Editor-BuildingEscape.dll (API version 3944462).
LogModuleManager: Display: Found up-to-date module file ../../../Engine/Plugins/2D/Paper2D/Binaries/Win64/UE4Editor-Paper2D.dll (API version 3944462).
LogModuleManager: Display: Found up-to-date module file ../../../Engine/Plugins/2D/Paper2D/Binaries/Win64/UE4Editor-Paper2DEditor.dll (API version 3944462).
LogModuleManager: Display: Found up-to-date module file ../../../Engine/Plugins/2D/Paper2D/Binaries/Win64/UE4Editor-PaperSpriteSheetImporter.dll (API version 3944462).
LogModuleManager: Display: Found up-to-date module file ../../../Engine/Plugins/2D/Paper2D/Binaries/Win64/UE4Editor-PaperTiledImporter.dll (API version 3944462).
LogModuleManager: Display: Found up-to-date module file ../../../Engine/Plugins/2D/Paper2D/Binaries/Win64/UE4Editor-SmartSnapping.dll (API version 3944462).
LogModuleManager: Display: Found up-to-date module file ../../../Engine/Plugins/Animation/LiveLink/Binaries/Win64/UE4Editor-LiveLink.dll (API version 3944462).
LogModuleManager: Display: Found up-to-date module file ../../../Engine/Plugins/Animation/LiveLink/Binaries/Win64/UE4Editor-LiveLinkEditor.dll (API version 3944462).
LogModuleManager: Display: Found up-to-date module file ../../../Engine/Plugins/Blendables/LightPropagationVolume/Binaries/Win64/UE4Editor-LightPropagationVolumeRuntime.dll (API version 3944462).
LogModuleManager: Display: Found up-to-date module file ../../../Engine/Plugins/Blendables/LightPropagationVolume/Binaries/Win64/UE4Editor-LightPropagationVolumeEditor.dll (API version 3944462).
LogModuleManager: Display: Found up-to-date module file ../../../Engine/Plugins/Developer/CLionSourceCodeAccess/Binaries/Win64/UE4Editor-CLionSourceCodeAccess.dll (API version 3944462).
LogModuleManager: Display: Found up-to-date module file ../../../Engine/Plugins/Developer/GitSourceControl/Binaries/Win64/UE4Editor-GitSourceControl.dll (API version 3944462).
LogModuleManager: Display: Found up-to-date module file ../../../Engine/Plugins/Developer/PerforceSourceControl/Binaries/Win64/UE4Editor-PerforceSourceControl.dll (API version 3944462).
LogModuleManager: Display: Found up-to-date module file ../../../Engine/Plugins/Developer/SubversionSourceControl/Binaries/Win64/UE4Editor-SubversionSourceControl.dll (API version 3944462).
LogModuleManager: Display: Found up-to-date module file ../../../Engine/Plugins/Developer/UObjectPlugin/Binaries/Win64/UE4Editor-UObjectPlugin.dll (API version 3944462).
LogModuleManager: Display: Found up-to-date module file ../../../Engine/Plugins/Developer/VisualStudioCodeSourceCodeAccess/Binaries/Win64/UE4Editor-VisualStudioCodeSourceCodeAccess.dll (API version 3944462).
LogModuleManager: Display: Found up-to-date module file ../../../Engine/Plugins/Developer/VisualStudioSourceCodeAccess/Binaries/Win64/UE4Editor-VisualStudioSourceCodeAccess.dll (API version 3944462).
LogModuleManager: Display: Found up-to-date module file ../../../Engine/Plugins/Editor/AssetManagerEditor/Binaries/Win64/UE4Editor-AssetManagerEditor.dll (API version 3944462).
LogModuleManager: Display: Found up-to-date module file ../../../Engine/Plugins/Editor/CryptoKeys/Binaries/Win64/UE4Editor-CryptoKeys.dll (API version 3944462).
LogModuleManager: Display: Found up-to-date module file ../../../Engine/Plugins/Editor/CryptoKeys/Binaries/Win64/UE4Editor-CryptoKeysOpenSSL.dll (API version 3944462).
LogModuleManager: Display: Found up-to-date module file ../../../Engine/Plugins/Editor/DataValidation/Binaries/Win64/UE4Editor-DataValidation.dll (API version 3944462).
LogModuleManager: Display: Found up-to-date module file ../../../Engine/Plugins/Editor/FacialAnimation/Binaries/Win64/UE4Editor-FacialAnimation.dll (API version 3944462).
LogModuleManager: Display: Found up-to-date module file ../../../Engine/Plugins/Editor/FacialAnimation/Binaries/Win64/UE4Editor-FacialAnimationEditor.dll (API version 3944462).
LogModuleManager: Display: Found up-to-date module file ../../../Engine/Plugins/Editor/GameplayTagsEditor/Binaries/Win64/UE4Editor-GameplayTagsEditor.dll (API version 3944462).
LogModuleManager: Display: Found up-to-date module file ../../../Engine/Plugins/Editor/MobileLauncherProfileWizard/Binaries/Win64/UE4Editor-MobileLauncherProfileWizard.dll (API version 3944462).
LogModuleManager: Display: Found up-to-date module file ../../../Engine/Plugins/Editor/PluginBrowser/Binaries/Win64/UE4Editor-PluginBrowser.dll (API version 3944462).
LogModuleManager: Display: Found up-to-date module file ../../../Engine/Plugins/Editor/SpeedTreeImporter/Binaries/Win64/UE4Editor-SpeedTreeImporter.dll (API version 3944462).
LogModuleManager: Display: Found up-to-date module file ../../../Engine/Plugins/Enterprise/DatasmithContent/Binaries/Win64/UE4Editor-DatasmithContent.dll (API version 3944462).
LogModuleManager: Display: Found up-to-date module file ../../../Engine/Plugins/Experimental/AlembicImporter/Binaries/Win64/UE4Editor-AlembicImporter.dll (API version 3944462).
LogModuleManager: Display: Found up-to-date module file ../../../Engine/Plugins/Experimental/AlembicImporter/Binaries/Win64/UE4Editor-AlembicLibrary.dll (API version 3944462).
LogModuleManager: Display: Found up-to-date module file ../../../Engine/Plugins/Experimental/CharacterAI/Binaries/Win64/UE4Editor-CharacterAI.dll (API version 3944462).
LogModuleManager: Display: Found up-to-date module file ../../../Engine/Plugins/Experimental/HTML5Networking/Binaries/Win64/UE4Editor-HTML5Networking.dll (API version 3944462).
LogModuleManager: Display: Found up-to-date module file ../../../Engine/Plugins/Media/AndroidMedia/Binaries/Win64/UE4Editor-AndroidMediaEditor.dll (API version 3944462).
LogModuleManager: Display: Found up-to-date module file ../../../Engine/Plugins/Media/AndroidMedia/Binaries/Win64/UE4Editor-AndroidMediaFactory.dll (API version 3944462).
LogModuleManager: Display: Found up-to-date module file ../../../Engine/Plugins/Media/AvfMedia/Binaries/Win64/UE4Editor-AvfMediaEditor.dll (API version 3944462).
LogModuleManager: Display: Found up-to-date module file ../../../Engine/Plugins/Media/AvfMedia/Binaries/Win64/UE4Editor-AvfMediaFactory.dll (API version 3944462).
LogModuleManager: Display: Found up-to-date module file ../../../Engine/Plugins/Media/AvfMedia/Binaries/Win64/UE4Editor-AvfMediaFactory.dll (API version 3944462).
LogModuleManager: Display: Found up-to-date module file ../../../Engine/Plugins/Media/ImgMedia/Binaries/Win64/UE4Editor-ImgMedia.dll (API version 3944462).
LogModuleManager: Display: Found up-to-date module file ../../../Engine/Plugins/Media/ImgMedia/Binaries/Win64/UE4Editor-ImgMediaEditor.dll (API version 3944462).
LogModuleManager: Display: Found up-to-date module file ../../../Engine/Plugins/Media/ImgMedia/Binaries/Win64/UE4Editor-ImgMediaFactory.dll (API version 3944462).
LogModuleManager: Display: Found up-to-date module file ../../../Engine/Plugins/Media/ImgMedia/Binaries/Win64/UE4Editor-ImgMediaFactory.dll (API version 3944462).
LogModuleManager: Display: Found up-to-date module file ../../../Engine/Plugins/Media/ImgMedia/Binaries/Win64/UE4Editor-OpenExrWrapper.dll (API version 3944462).
LogModuleManager: Display: Found up-to-date module file ../../../Engine/Plugins/Media/LinearTimecode/Binaries/Win64/UE4Editor-LinearTimecode.dll (API version 3944462).
LogModuleManager: Display: Found up-to-date module file ../../../Engine/Plugins/Media/MediaCompositing/Binaries/Win64/UE4Editor-MediaCompositing.dll (API version 3944462).
LogModuleManager: Display: Found up-to-date module file ../../../Engine/Plugins/Media/MediaCompositing/Binaries/Win64/UE4Editor-MediaCompositingEditor.dll (API version 3944462).
LogModuleManager: Display: Found up-to-date module file ../../../Engine/Plugins/Media/MediaPlayerEditor/Binaries/Win64/UE4Editor-MediaPlayerEditor.dll (API version 3944462).
LogModuleManager: Display: Found up-to-date module file ../../../Engine/Plugins/Media/WmfMedia/Binaries/Win64/UE4Editor-WmfMedia.dll (API version 3944462).
LogModuleManager: Display: Found up-to-date module file ../../../Engine/Plugins/Media/WmfMedia/Binaries/Win64/UE4Editor-WmfMediaEditor.dll (API version 3944462).
LogModuleManager: Display: Found up-to-date module file ../../../Engine/Plugins/Media/WmfMedia/Binaries/Win64/UE4Editor-WmfMediaFactory.dll (API version 3944462).
LogModuleManager: Display: Found up-to-date module file ../../../Engine/Plugins/Media/WmfMedia/Binaries/Win64/UE4Editor-WmfMediaFactory.dll (API version 3944462).
LogModuleManager: Display: Found up-to-date module file ../../../Engine/Plugins/Messaging/TcpMessaging/Binaries/Win64/UE4Editor-TcpMessaging.dll (API version 3944462).
LogModuleManager: Display: Found up-to-date module file ../../../Engine/Plugins/Messaging/UdpMessaging/Binaries/Win64/UE4Editor-UdpMessaging.dll (API version 3944462).
LogModuleManager: Display: Found up-to-date module file ../../../Engine/Plugins/MovieScene/ActorSequence/Binaries/Win64/UE4Editor-ActorSequence.dll (API version 3944462).
LogModuleManager: Display: Found up-to-date module file ../../../Engine/Plugins/MovieScene/LevelSequenceEditor/Binaries/Win64/UE4Editor-LevelSequenceEditor.dll (API version 3944462).
LogModuleManager: Display: Found up-to-date module file ../../../Engine/Plugins/MovieScene/MatineeToLevelSequence/Binaries/Win64/UE4Editor-MatineeToLevelSequence.dll (API version 3944462).
LogModuleManager: Display: Found up-to-date module file ../../../Engine/Plugins/NetcodeUnitTest/NetcodeUnitTest/Binaries/Win64/UE4Editor-NetcodeUnitTest.dll (API version 3944462).
LogModuleManager: Display: Found up-to-date module file ../../../Engine/Plugins/NetcodeUnitTest/NUTUnrealEngine4/Binaries/Win64/UE4Editor-NUTUnrealEngine4.dll (API version 3944462).
LogModuleManager: Display: Found up-to-date module file ../../../Engine/Plugins/Online/OnlineSubsystem/Binaries/Win64/UE4Editor-OnlineSubsystem.dll (API version 3944462).
LogModuleManager: Display: Found up-to-date module file ../../../Engine/Plugins/Online/OnlineSubsystemNull/Binaries/Win64/UE4Editor-OnlineSubsystemNull.dll (API version 3944462).
LogModuleManager: Display: Found up-to-date module file ../../../Engine/Plugins/Online/OnlineSubsystemUtils/Binaries/Win64/UE4Editor-OnlineSubsystemUtils.dll (API version 3944462).
LogModuleManager: Display: Found up-to-date module file ../../../Engine/Plugins/Online/OnlineSubsystemUtils/Binaries/Win64/UE4Editor-OnlineBlueprintSupport.dll (API version 3944462).
LogModuleManager: Display: Found up-to-date module file ../../../Engine/Plugins/Runtime/AndroidDeviceProfileSelector/Binaries/Win64/UE4Editor-AndroidDeviceProfileSelector.dll (API version 3944462).
LogModuleManager: Display: Found up-to-date module file ../../../Engine/Plugins/Runtime/AndroidPermission/Binaries/Win64/UE4Editor-AndroidPermission.dll (API version 3944462).
LogModuleManager: Display: Found up-to-date module file ../../../Engine/Plugins/Runtime/AppleARKit/Binaries/Win64/UE4Editor-AppleARKit.dll (API version 3944462).
LogModuleManager: Display: Found up-to-date module file ../../../Engine/Plugins/Runtime/ArchVisCharacter/Binaries/Win64/UE4Editor-ArchVisCharacter.dll (API version 3944462).
LogModuleManager: Display: Found up-to-date module file ../../../Engine/Plugins/Runtime/AudioCapture/Binaries/Win64/UE4Editor-AudioCapture.dll (API version 3944462).
LogModuleManager: Display: Found up-to-date module file ../../../Engine/Plugins/Runtime/AudioCapture/Binaries/Win64/UE4Editor-AudioCaptureEditor.dll (API version 3944462).
LogModuleManager: Display: Found up-to-date module file ../../../Engine/Plugins/Runtime/CableComponent/Binaries/Win64/UE4Editor-CableComponent.dll (API version 3944462).
LogModuleManager: Display: Found up-to-date module file ../../../Engine/Plugins/Runtime/CustomMeshComponent/Binaries/Win64/UE4Editor-CustomMeshComponent.dll (API version 3944462).
LogModuleManager: Display: Found up-to-date module file ../../../Engine/Plugins/Runtime/ExampleDeviceProfileSelector/Binaries/Win64/UE4Editor-ExampleDeviceProfileSelector.dll (API version 3944462).
LogModuleManager: Display: Found up-to-date module file ../../../Engine/Plugins/Runtime/ImmediatePhysics/Binaries/Win64/UE4Editor-ImmediatePhysics.dll (API version 3944462).
LogModuleManager: Display: Found up-to-date module file ../../../Engine/Plugins/Runtime/ImmediatePhysics/Binaries/Win64/UE4Editor-ImmediatePhysicsEditor.dll (API version 3944462).
LogModuleManager: Display: Found up-to-date module file ../../../Engine/Plugins/Runtime/LocationServicesBPLibrary/Binaries/Win64/UE4Editor-LocationServicesBPLibrary.dll (API version 3944462).
LogModuleManager: Display: Found up-to-date module file ../../../Engine/Plugins/Runtime/MobilePatchingUtils/Binaries/Win64/UE4Editor-MobilePatchingUtils.dll (API version 3944462).
LogModuleManager: Display: Found up-to-date module file ../../../Engine/Plugins/Runtime/Oculus/OculusVR/Binaries/Win64/UE4Editor-OculusHMD.dll (API version 3944462).
LogModuleManager: Display: Found up-to-date module file ../../../Engine/Plugins/Runtime/Oculus/OculusVR/Binaries/Win64/UE4Editor-OculusInput.dll (API version 3944462).
LogModuleManager: Display: Found up-to-date module file ../../../Engine/Plugins/Runtime/Oculus/OculusVR/Binaries/Win64/UE4Editor-OculusEditor.dll (API version 3944462).
LogModuleManager: Display: Found up-to-date module file ../../../Engine/Plugins/Runtime/PhysXVehicles/Binaries/Win64/UE4Editor-PhysXVehicles.dll (API version 3944462).
LogModuleManager: Display: Found up-to-date module file ../../../Engine/Plugins/Runtime/PhysXVehicles/Binaries/Win64/UE4Editor-PhysXVehiclesEditor.dll (API version 3944462).
LogModuleManager: Display: Found up-to-date module file ../../../Engine/Plugins/Runtime/ProceduralMeshComponent/Binaries/Win64/UE4Editor-ProceduralMeshComponent.dll (API version 3944462).
LogModuleManager: Display: Found up-to-date module file ../../../Engine/Plugins/Runtime/ProceduralMeshComponent/Binaries/Win64/UE4Editor-ProceduralMeshComponentEditor.dll (API version 3944462).
LogModuleManager: Display: Found up-to-date module file ../../../Engine/Plugins/Runtime/RuntimePhysXCooking/Binaries/Win64/UE4Editor-RuntimePhysXCooking.dll (API version 3944462).
LogModuleManager: Display: Found up-to-date module file ../../../Engine/Plugins/Runtime/Steam/SteamVR/Binaries/Win64/UE4Editor-SteamVR.dll (API version 3944462).
LogModuleManager: Display: Found up-to-date module file ../../../Engine/Plugins/Runtime/Steam/SteamVR/Binaries/Win64/UE4Editor-SteamVRController.dll (API version 3944462).
LogModuleManager: Display: Found up-to-date module file ../../../Engine/Plugins/Runtime/WindowsMoviePlayer/Binaries/Win64/UE4Editor-WindowsMoviePlayer.dll (API version 3944462).
LogInit: Using libcurl 7.47.1
LogInit:  - built for x86_64-pc-win32
LogInit:  - supports SSL with OpenSSL/1.0.2g
LogInit:  - supports HTTP deflate (compression) using libz 1.2.8
LogInit:  - other features:
LogInit:      CURL_VERSION_SSL
LogInit:      CURL_VERSION_LIBZ
LogInit:      CURL_VERSION_IPV6
LogInit:      CURL_VERSION_ASYNCHDNS
LogInit:      CURL_VERSION_LARGEFILE
LogInit:      CURL_VERSION_IDN
LogInit:  CurlRequestOptions (configurable via config and command line):
LogInit:  - bVerifyPeer = false  - Libcurl will NOT verify peer certificate
LogInit:  - bUseHttpProxy = false  - Libcurl will NOT use HTTP proxy
LogInit:  - bDontReuseConnections = false  - Libcurl will reuse connections
LogInit:  - CertBundlePath = nullptr  - Libcurl will use whatever was configured at build time.
LogInit:  - MaxHostConnections = 16  - Libcurl will limit the number of connections to a host
LogInit:  - LocalHostAddr = Default
LogInit: WinSock: version 1.1 (2.2), MaxSocks=32767, MaxUdp=65467
LogInit: WinSock: I am HMD-PC (10.0.0.166:0)
LogInit: Build: ++UE4+Release-4.19-CL-3989454
LogInit: Engine Version: 4.19.1-3989454+++UE4+Release-4.19
LogInit: Compatible Engine Version: 4.19.0-3944462+++UE4+Release-4.19
LogInit: Net CL: 3944462
LogDevObjectVersion: Number of dev versions registered: 18
LogDevObjectVersion:   Dev-Blueprints (B0D832E4-1F89-4F0D-ACCF-7EB736FD4AA2): 10
LogDevObjectVersion:   Dev-Build (E1C64328-A22C-4D53-A36C-8E866417BD8C): 0
LogDevObjectVersion:   Dev-Core (375EC13C-06E4-48FB-B500-84F0262A717E): 2
LogDevObjectVersion:   Dev-Editor (E4B068ED-F494-42E9-A231-DA0B2E46BB41): 23
LogDevObjectVersion:   Dev-Framework (CFFC743F-43B0-4480-9391-14DF171D2073): 33
LogDevObjectVersion:   Dev-Mobile (B02B49B5-BB20-44E9-A304-32B752E40360): 2
LogDevObjectVersion:   Dev-Networking (A4E4105C-59A1-49B5-A7C5-40C4547EDFEE): 0
LogDevObjectVersion:   Dev-Online (39C831C9-5AE6-47DC-9A44-9C173E1C8E7C): 0
LogDevObjectVersion:   Dev-Physics (78F01B33-EBEA-4F98-B9B4-84EACCB95AA2): 0
LogDevObjectVersion:   Dev-Platform (6631380F-2D4D-43E0-8009-CF276956A95A): 0
LogDevObjectVersion:   Dev-Rendering (12F88B9F-8875-4AFC-A67C-D90C383ABD29): 25
LogDevObjectVersion:   Dev-Sequencer (7B5AE74C-D270-4C10-A958-57980B212A5A): 6
LogDevObjectVersion:   Dev-VR (D7296918-1DD6-4BDD-9DE2-64A83CC13884): 1
LogDevObjectVersion:   Dev-LoadTimes (C2A15278-BFE7-4AFE-6C17-90FF531DF755): 1
LogDevObjectVersion:   Private-Geometry (6EACA3D4-40EC-4CC1-B786-8BED09428FC5): 2
LogDevObjectVersion:   Dev-AnimPhys (29E575DD-E0A3-4627-9D10-D276232CDCEA): 16
LogDevObjectVersion:   Dev-ReflectionCapture (6B266CEC-1EC7-4B8F-A30B-E4D90942FC07): 1
LogDevObjectVersion:   Dev-Automation (0DF73D61-A23F-47EA-B727-89E90C41499A): 1
LogInit: Compiled (64-bit): Apr  6 2018 12:26:04
LogInit: Compiled with Visual C++: 19.00.24215.01
LogInit: Build Configuration: Development
LogInit: Branch Name: ++UE4+Release-4.19
LogInit: Command Line:  
LogInit: Base Directory: D:/Program Files/Epic Games/UE_4.19/Engine/Binaries/Win64/
LogInit: Installed Engine Build: 1
LogStreaming: Display: Took  0.000s to delete old logs.
LogInit: Presizing for max 8388607 objects, including 0 objects not considered by GC, pre-allocating 0 bytes for permanent pool.
LogInit: Object subsystem initialized
[2018.04.21-20.58.58:328][  0]LogInit: Selected Device Profile: [Windows]
[2018.04.21-20.58.58:328][  0]LogInit: Applying CVar settings loaded from the selected device profile: [Windows]
[2018.04.21-20.58.58:344][  0]LogInit: Computer: HMD-PC
[2018.04.21-20.58.58:344][  0]LogInit: User: Owner
[2018.04.21-20.58.58:344][  0]LogInit: CPU Page size=4096, Cores=6
[2018.04.21-20.58.58:344][  0]LogInit: High frequency timer resolution =3.224480 MHz
[2018.04.21-20.58.58:344][  0]LogMemory: Memory total: Physical=15.9GB (16GB approx)
[2018.04.21-20.58.58:344][  0]LogMemory: Platform Memory Stats for Windows
[2018.04.21-20.58.58:344][  0]LogMemory: Process Physical Memory: 274.38 MB used, 274.38 MB peak
[2018.04.21-20.58.58:344][  0]LogMemory: Process Virtual Memory: 271.72 MB used, 271.72 MB peak
[2018.04.21-20.58.58:344][  0]LogMemory: Physical Memory: 5761.24 MB used,  10562.57 MB free, 16323.81 MB total
[2018.04.21-20.58.58:344][  0]LogMemory: Virtual Memory: 718.30 MB used,  10562.57 MB free, 134217728.00 MB total
[2018.04.21-20.58.58:367][  0]LogInit: Using OS detected language (en-US).
[2018.04.21-20.58.58:367][  0]LogInit: Using OS detected locale (en-US).
[2018.04.21-20.58.58:372][  0]LogTextLocalizationManager: No specific localization for 'en-US' exists, so the 'en' localization will be used.
[2018.04.21-20.58.58:836][  0]LogStreaming: Display: Took  0.469s to EndInitTextLocalization.
[2018.04.21-20.58.58:836][  0]LogInit: Setting process to per monitor DPI aware
[2018.04.21-20.58.58:870][  0]LogSlate: New Slate User Created.  User Index 0, Is Virtual User: 0
[2018.04.21-20.58.58:870][  0]LogSlate: Slate User Registered.  User Index 0, Is Virtual User: 0
[2018.04.21-20.58.59:198][  0]LogD3D11RHI: D3D11 adapters:
[2018.04.21-20.58.59:252][  0]LogD3D11RHI:    0. 'NVIDIA GeForce GTX 680' (Feature Level 11_0)
[2018.04.21-20.58.59:252][  0]LogD3D11RHI:       4063/0/8161 MB DedicatedVideo/DedicatedSystem/SharedSystem, Outputs:1, VendorId:0x10de
[2018.04.21-20.58.59:300][  0]LogD3D11RHI:    1. 'NVIDIA GeForce GTX 680' (Feature Level 11_0)
[2018.04.21-20.58.59:301][  0]LogD3D11RHI:       4063/0/8161 MB DedicatedVideo/DedicatedSystem/SharedSystem, Outputs:1, VendorId:0x10de
[2018.04.21-20.58.59:303][  0]LogD3D11RHI:    2. 'Microsoft Basic Render Driver' (Feature Level 11_0)
[2018.04.21-20.58.59:303][  0]LogD3D11RHI:       0/0/8161 MB DedicatedVideo/DedicatedSystem/SharedSystem, Outputs:0, VendorId:0x1414
[2018.04.21-20.58.59:303][  0]LogD3D11RHI: Chosen D3D11 Adapter: 0
[2018.04.21-20.58.59:309][  0]LogD3D11RHI: Creating new Direct3DDevice
[2018.04.21-20.58.59:309][  0]LogD3D11RHI:     GPU DeviceId: 0x1180 (for the marketing name, search the web for "GPU Device Id")
[2018.04.21-20.58.59:309][  0]LogWindows: EnumDisplayDevices:
[2018.04.21-20.58.59:309][  0]LogWindows:    0. 'NVIDIA GeForce GTX 680' (P:1 D:1)
[2018.04.21-20.58.59:309][  0]LogWindows:    1. 'NVIDIA GeForce GTX 680' (P:0 D:0)
[2018.04.21-20.58.59:310][  0]LogWindows:    2. 'NVIDIA GeForce GTX 680' (P:0 D:0)
[2018.04.21-20.58.59:310][  0]LogWindows:    3. 'NVIDIA GeForce GTX 680' (P:0 D:0)
[2018.04.21-20.58.59:310][  0]LogWindows:    4. 'NVIDIA GeForce GTX 680' (P:0 D:1)
[2018.04.21-20.58.59:310][  0]LogWindows:    5. 'NVIDIA GeForce GTX 680' (P:0 D:0)
[2018.04.21-20.58.59:310][  0]LogWindows:    6. 'NVIDIA GeForce GTX 680' (P:0 D:0)
[2018.04.21-20.58.59:310][  0]LogWindows:    7. 'NVIDIA GeForce GTX 680' (P:0 D:0)
[2018.04.21-20.58.59:310][  0]LogWindows: DebugString: GetVideoDriverDetailsInvalid PrimaryIsNotTheChoosenAdapter GetVideoDriverDetailsInvalid PrimaryIsNotTheChoosenAdapter GetVideoDriverDetailsInvalid PrimaryIsNotTheChoosenAdapter GetVideoDriverDetailsInvalid PrimaryIsNotTheChoosenAdapter GetVideoDriverDetailsInvalid PrimaryIsNotTheChoosenAdapter GetVideoDriverDetailsInvalid PrimaryIsNotTheChoosenAdapter GetVideoDriverDetailsInvalid PrimaryIsNotTheChoosenAdapter GetVideoDriverDetailsInvalid PrimaryIsNotTheChoosenAdapter FoundDriverCount:0 
[2018.04.21-20.58.59:310][  0]LogD3D11RHI:     Adapter Name: NVIDIA GeForce GTX 680
[2018.04.21-20.58.59:310][  0]LogD3D11RHI:   Driver Version: Unknown (internal:Unknown, unified:Unknown)
[2018.04.21-20.58.59:310][  0]LogD3D11RHI:      Driver Date: Unknown
[2018.04.21-20.58.59:310][  0]LogRHI: Texture pool is 2844 MB (70% of 4063 MB)
[2018.04.21-20.58.59:346][  0]LogD3D11RHI: [Aftermath] Aftermath enabled but failed to initialize
[2018.04.21-20.58.59:346][  0]LogD3D11RHI: [Aftermath] Aftermath enabled and primed
[2018.04.21-20.58.59:346][  0]LogD3D11RHI: Async texture creation enabled
[2018.04.21-20.58.59:361][  0]LogD3D11RHI: GPU Timing Frequency: 1000.000000 (Debug: 2 1)
[2018.04.21-20.58.59:408][  0]LogShaderCompilers: Guid format shader working directory is -8 characters bigger than the processId version (../../../../../../Repos/Building-Escape/BuildingEscape/Intermediate/Shaders/WorkingDirectory/1704/).
[2018.04.21-20.58.59:408][  0]LogShaderCompilers: Cleaned the shader compiler working directory 'C:/Users/Owner/AppData/Local/Temp/UnrealShaderWorkingDir/B40B433749DF12CBE45475A359849AD6/'.
[2018.04.21-20.58.59:671][  0]LogTemp: Display: Loaded TP AllDesktopTargetPlatform
[2018.04.21-20.58.59:686][  0]LogTemp: Display: Loaded TP MacClientTargetPlatform
[2018.04.21-20.58.59:702][  0]LogTemp: Display: Loaded TP MacNoEditorTargetPlatform
[2018.04.21-20.58.59:716][  0]LogTemp: Display: Loaded TP MacServerTargetPlatform
[2018.04.21-20.58.59:731][  0]LogTemp: Display: Loaded TP MacTargetPlatform
[2018.04.21-20.58.59:746][  0]LogTemp: Display: Loaded TP WindowsClientTargetPlatform
[2018.04.21-20.58.59:761][  0]LogTemp: Display: Loaded TP WindowsNoEditorTargetPlatform
[2018.04.21-20.58.59:776][  0]LogTemp: Display: Loaded TP WindowsServerTargetPlatform
[2018.04.21-20.58.59:783][  0]LogTemp: Display: Loaded TP WindowsTargetPlatform
[2018.04.21-20.58.59:797][  0]LogTemp: Display: Loaded TP Android_ASTCTargetPlatform
[2018.04.21-20.58.59:810][  0]LogTemp: Display: Loaded TP Android_ATCTargetPlatform
[2018.04.21-20.58.59:823][  0]LogTemp: Display: Loaded TP Android_DXTTargetPlatform
[2018.04.21-20.58.59:836][  0]LogTemp: Display: Loaded TP Android_ETC1aTargetPlatform
[2018.04.21-20.58.59:850][  0]LogTemp: Display: Loaded TP Android_ETC1TargetPlatform
[2018.04.21-20.58.59:863][  0]LogTemp: Display: Loaded TP Android_ETC2TargetPlatform
[2018.04.21-20.58.59:891][  0]LogTemp: Display: Loaded TP Android_MultiTargetPlatform
[2018.04.21-20.58.59:891][  0]LogTemp: Display: Loaded TP Android_PVRTCTargetPlatform
[2018.04.21-20.58.59:905][  0]LogTemp: Display: Loaded TP AndroidTargetPlatform
[2018.04.21-20.58.59:907][  0]LogTemp: Display: Loaded TP HTML5TargetPlatform
[2018.04.21-20.58.59:950][  0]LogTemp: Display: Loaded TP IOSTargetPlatform
[2018.04.21-20.58.59:963][  0]LogTemp: Display: Loaded TP TVOSTargetPlatform
[2018.04.21-20.58.59:977][  0]LogTemp: Display: Loaded TP LinuxClientTargetPlatform
[2018.04.21-20.58.59:991][  0]LogTemp: Display: Loaded TP LinuxNoEditorTargetPlatform
[2018.04.21-20.59.00:005][  0]LogTemp: Display: Loaded TP LinuxServerTargetPlatform
[2018.04.21-20.59.00:020][  0]LogTemp: Display: Loaded TP LinuxTargetPlatform
[2018.04.21-20.59.00:020][  0]LogTargetPlatformManager: Display: Building Assets For Windows
[2018.04.21-20.59.00:165][  0]LogXGEController: Cleaning working directory: C:/Users/Owner/AppData/Local/Temp/UnrealXGEWorkingDir/
[2018.04.21-20.59.00:165][  0]LogXGEController: Cannot use XGE Controller as Incredibuild is not installed on this machine.
[2018.04.21-20.59.00:165][  0]LogShaderCompilers: Cannot use XGE Shader Compiler as Incredibuild is not installed on this machine.
[2018.04.21-20.59.00:165][  0]LogShaderCompilers: Display: Using Local Shader Compiler.
[2018.04.21-20.59.00:985][  0]LogDerivedDataCache: Display: Max Cache Size: 512 MB
[2018.04.21-20.59.01:068][  0]LogDerivedDataCache: Loaded boot cache 0.08s 74MB C:/Users/Owner/AppData/Local/UnrealEngine/4.19/DerivedDataCache/Boot.ddc.
[2018.04.21-20.59.01:068][  0]LogDerivedDataCache: Display: Loaded Boot cache: C:/Users/Owner/AppData/Local/UnrealEngine/4.19/DerivedDataCache/Boot.ddc
[2018.04.21-20.59.01:068][  0]LogDerivedDataCache: FDerivedDataBackendGraph:  Pak pak cache file ../../../../../../Repos/Building-Escape/BuildingEscape/DerivedDataCache/DDC.ddp not found, will not use a pak cache.
[2018.04.21-20.59.01:068][  0]LogDerivedDataCache: Unable to find inner node Pak for hierarchical cache Hierarchy.
[2018.04.21-20.59.01:068][  0]LogDerivedDataCache: FDerivedDataBackendGraph:  CompressedPak pak cache file ../../../../../../Repos/Building-Escape/BuildingEscape/DerivedDataCache/Compressed.ddp not found, will not use a pak cache.
[2018.04.21-20.59.01:068][  0]LogDerivedDataCache: Unable to find inner node CompressedPak for hierarchical cache Hierarchy.
[2018.04.21-20.59.01:086][  0]LogDerivedDataCache: Display: Pak cache opened for reading ../../../Engine/DerivedDataCache/Compressed.ddp.
[2018.04.21-20.59.01:098][  0]LogDerivedDataCache: Using Local data cache path C:/Users/Owner/AppData/Local/UnrealEngine/Common/DerivedDataCache: Writable
[2018.04.21-20.59.01:112][  0]LogMaterial: Verifying Global Shaders for PCD3D_SM5
[2018.04.21-20.59.01:113][  0]LogSlate: Using Freetype 2.6.0
[2018.04.21-20.59.01:114][  0]LogSlate: SlateFontCache - WITH_FREETYPE: 1, WITH_HARFBUZZ: 1
[2018.04.21-20.59.01:114][  0]LogSlate: SlateFontCache - WITH_FREETYPE: 1, WITH_HARFBUZZ: 1
[2018.04.21-20.59.01:275][  0]LogAssetRegistry: FAssetRegistry took 0.0261 seconds to start up
[2018.04.21-20.59.01:647][  0]LogInit: Selected Device Profile: [Windows]
[2018.04.21-20.59.01:821][  0]LogSimplygon: Simplygon DLL not present - disabling.
[2018.04.21-20.59.01:824][  0]LogMeshReduction: Using SimplygonSwarm for distributed automatic mesh merging
[2018.04.21-20.59.01:824][  0]LogMeshReduction: Using QuadricMeshReduction for automatic static mesh reduction
[2018.04.21-20.59.01:824][  0]LogMeshReduction: No automatic skeletal mesh reduction module available
[2018.04.21-20.59.01:824][  0]LogMeshReduction: No automatic mesh merging module available
[2018.04.21-20.59.01:824][  0]LogMeshMerging: No automatic mesh merging module available
[2018.04.21-20.59.01:865][  0]LogNetVersion: BuildingEscape , NetCL: 3944462, EngineNetVer: 2, GameNetVer: 0 (Checksum: 4285820645)
[2018.04.21-20.59.02:342][  0]LogPackageLocalizationCache: Processed 9 localized package path(s) for 2 prioritized culture(s) in 0.089530 seconds
[2018.04.21-20.59.02:346][  0]LogUObjectArray: 36728 objects as part of root set at end of initial load.
[2018.04.21-20.59.02:346][  0]LogUObjectAllocator: 7314312 out of 0 bytes used by permanent object pool.
[2018.04.21-20.59.02:346][  0]LogUObjectArray: CloseDisregardForGC: 0/0 objects in disregard for GC pool
[2018.04.21-20.59.04:319][  0]LogTcpMessaging: Initializing TcpMessaging bridge
[2018.04.21-20.59.04:362][  0]LogUdpMessaging: Initializing bridge on interface 0.0.0.0:0 to multicast group 230.0.0.1:6666.
[2018.04.21-20.59.04:878][  0]SourceControl: Source control is disabled
[2018.04.21-20.59.04:878][  0]SourceControl: Source control is disabled
[2018.04.21-20.59.04:905][  0]SourceControl: Source control is disabled
[2018.04.21-20.59.04:933][  0]SourceControl: Source control is disabled
[2018.04.21-20.59.05:614][  0]LogAndroidPermission: UAndroidPermissionCallbackProxy::GetInstance
[2018.04.21-20.59.05:896][  0]LogOcInput: OculusInput pre-init called
[2018.04.21-20.59.06:032][  0]LogEngine: Initializing Engine...
[2018.04.21-20.59.11:228][  0]LogHMD: Failed to initialize OpenVR with code 108
[2018.04.21-20.59.11:230][  0]LogStats: UGameplayTagsManager::ConstructGameplayTagTree: Construct from data asset -  0.000 s
[2018.04.21-20.59.11:230][  0]LogStats: UGameplayTagsManager::ConstructGameplayTagTree: GameplayTagTreeChangedEvent.Broadcast -  0.000 s
[2018.04.21-20.59.11:478][  0]LogAIModule: Creating AISystem for world Untitled
[2018.04.21-20.59.11:518][  0]LogInit: XAudio2 using 'SONY TV-4 (2- NVIDIA High Definition Audio)' : 2 channels at 48 kHz using 16 bits per sample (channel mask 0x3)
[2018.04.21-20.59.11:530][  0]LogInit: FAudioDevice initialized.
[2018.04.21-20.59.11:625][  0]LogDerivedDataCache: Saved boot cache 0.10s 74MB C:/Users/Owner/AppData/Local/UnrealEngine/4.19/DerivedDataCache/Boot.ddc.
[2018.04.21-20.59.11:640][  0]LogInit: Texture streaming: Enabled
[2018.04.21-20.59.11:658][  0]LogEngineSessionManager: EngineSessionManager initialized
[2018.04.21-20.59.11:671][  0]LogInit: Transaction tracking system initialized
[2018.04.21-20.59.11:696][  0]BlueprintLog: New page: Editor Load
[2018.04.21-20.59.11:774][  0]LocalizationService: Localization service is disabled
[2018.04.21-20.59.11:897][  0]LogConsoleResponse: Display: 
[2018.04.21-20.59.12:051][  0]LogCook: Display: Max memory allowance for cook 16384mb min free memory 0mb
[2018.04.21-20.59.12:051][  0]LogCook: Display: Mobile HDR setting 1
[2018.04.21-20.59.12:051][  0]LogGameplayTags: Display: UGameplayTagsManager::DoneAddingNativeTags. DelegateIsBound: 0
[2018.04.21-20.59.12:051][  0]LogStats: UGameplayTagsManager::ConstructGameplayTagTree: Construct from data asset -  0.000 s
[2018.04.21-20.59.12:051][  0]LogStats: UGameplayTagsManager::ConstructGameplayTagTree: GameplayTagTreeChangedEvent.Broadcast -  0.000 s
[2018.04.21-20.59.12:293][  0]LogFileCache: Scanning file cache for directory 'D:/Repos/Building-Escape/BuildingEscape/Content/' took 0.02s
[2018.04.21-20.59.12:588][  0]SourceControl: Source control is disabled
[2018.04.21-20.59.12:588][  0]Cmd: MAP LOAD FILE="../../../../../../Repos/Building-Escape/BuildingEscape/Content/NewMap.umap" TEMPLATE=0 SHOWPROGRESS=1 FEATURELEVEL=3
[2018.04.21-20.59.12:589][  0]LightingResults: New page: Lighting Build
[2018.04.21-20.59.12:592][  0]MapCheck: New page: Map Check
[2018.04.21-20.59.12:592][  0]LightingResults: New page: Lighting Build
[2018.04.21-20.59.12:862][  0]LogAIModule: Creating AISystem for world NewMap
[2018.04.21-20.59.12:867][  0]LogEditorServer: Finished looking for orphan Actors (0.000 secs)
[2018.04.21-20.59.12:879][  0]Cmd: MAP CHECKDEP NOCLEARLOG
[2018.04.21-20.59.12:949][  0]MapCheck: Map check complete: 0 Error(s), 0 Warning(s), took 69.662ms to complete.
[2018.04.21-20.59.12:949][  0]LogFileHelpers: Loading map 'NewMap' took 0.360
[2018.04.21-20.59.13:084][  0]LogCollectionManager: Loaded 0 collections in 0.001891 seconds
[2018.04.21-20.59.13:128][  0]LogFileCache: Scanning file cache for directory 'D:/Repos/Building-Escape/BuildingEscape/Saved/Collections/' took 0.01s
[2018.04.21-20.59.13:128][  0]LogFileCache: Scanning file cache for directory 'D:/Repos/Building-Escape/BuildingEscape/Content/Developers/Owner/Collections/' took 0.01s
[2018.04.21-20.59.13:128][  0]LogFileCache: Scanning file cache for directory 'D:/Repos/Building-Escape/BuildingEscape/Content/Collections/' took 0.01s
[2018.04.21-20.59.13:128][  0]LogCollectionManager: Rebuilt the GUID cache for 0 collections in 0.000000 seconds
[2018.04.21-20.59.13:139][  0]LogContentBrowser: Native class hierarchy populated in 0.0112 seconds. Added 2453 classes and 560 folders.
[2018.04.21-20.59.13:147][  0]LogContentBrowser: Native class hierarchy updated for 'WidgetCarousel' in 0.0011 seconds. Added 0 classes and 0 folders.
[2018.04.21-20.59.13:219][  0]LogContentBrowser: Native class hierarchy updated for 'AddContentDialog' in 0.0011 seconds. Added 0 classes and 0 folders.
[2018.04.21-20.59.13:225][  0]LogContentBrowser: Native class hierarchy updated for 'SceneOutliner' in 0.0010 seconds. Added 1 classes and 2 folders.
[2018.04.21-20.59.13:321][  0]LogSlate: Took 0.000331 seconds to synchronously load lazily loaded font '../../../Engine/Content/Slate/Fonts/Roboto-Regular.ttf' (155K)
[2018.04.21-20.59.13:324][  0]LogSlate: Took 0.000337 seconds to synchronously load lazily loaded font '../../../Engine/Content/Slate/Fonts/Roboto-Bold.ttf' (160K)
[2018.04.21-20.59.13:332][  0]LogSlate: Took 0.000326 seconds to synchronously load lazily loaded font '../../../Engine/Content/Editor/Slate/Fonts/FontAwesome.ttf' (139K)
[2018.04.21-20.59.13:452][  0]LogRenderer: Reallocating scene render targets to support 1208x576 Format 10 NumSamples 1 (Frame:1).
[2018.04.21-20.59.13:493][  0]LogSlate: Took 0.000355 seconds to synchronously load lazily loaded font '../../../Engine/Content/Slate/Fonts/Roboto-Light.ttf' (167K)
[2018.04.21-20.59.13:579][  0]LogContentBrowser: Native class hierarchy updated for 'HierarchicalLODOutliner' in 0.0011 seconds. Added 0 classes and 0 folders.
[2018.04.21-20.59.13:579][  0]LogLoad: (Engine Initialization) Total time: 19.58 seconds
[2018.04.21-20.59.13:579][  0]LogLoad: (Engine Initialization) Total Blueprint compile time: 0.00 seconds
[2018.04.21-20.59.13:588][  0]LogWindowsTextInputMethodSystem: Display: IME system now deactivated.
[2018.04.21-20.59.13:608][  0]LogContentStreaming: Texture pool size now 1000 MB
[2018.04.21-20.59.13:718][  2]LogAssetRegistry: Asset discovery search completed in 12.4645 seconds
[2018.04.21-20.59.13:720][  2]LogCollectionManager: Rebuilt the object cache for 0 collections in 0.000000 seconds (found 0 objects)
[2018.04.21-20.59.13:720][  2]LogCollectionManager: Fixed up redirectors for 0 collections in 0.000075 seconds (updated 0 objects)
[2018.04.21-20.59.22:152][ 73]LogEditorViewport: Clicking on Actor (LMB): StaticMeshActor (SM_Chair)
[2018.04.21-20.59.23:412][206]LogSlate: FSceneViewport::OnFocusLost() reason 0
[2018.04.21-20.59.26:744][576]LogSlate: Took 0.000304 seconds to synchronously load lazily loaded font '../../../Engine/Content/Slate/Fonts/Roboto-BoldCondensed.ttf' (158K)
[2018.04.21-21.00.06:456][576]LogSlate: Took 0.000270 seconds to synchronously load lazily loaded font '../../../Engine/Content/Slate/Fonts/Roboto-Light.ttf' (167K)
[2018.04.21-21.00.06:525][576]Running D:/Program Files/Epic Games/UE_4.19/Engine/Binaries/DotNET/UnrealBuildTool.exe  -projectfiles -project="D:/Repos/Building-Escape/BuildingEscape/BuildingEscape.uproject" -game -rocket -progress
[2018.04.21-21.00.06:829][576]Discovering modules, targets and source code for project...
[2018.04.21-21.00.19:795][576]LogVSAccessor: Warning: Couldn't access Visual Studio
[2018.04.21-21.00.19:822][576]Candidate modules for hot reload:
[2018.04.21-21.00.19:822][576]  BuildingEscape
[2018.04.21-21.00.19:822][576]Launching UnrealBuildTool... [D:/Program Files/Epic Games/UE_4.19/Engine/Binaries/DotNET/UnrealBuildTool.exe BuildingEscape -ModuleWithSuffix=BuildingEscape,5053 Win64 Development -editorrecompile -canskiplink "D:/Repos/Building-Escape/BuildingEscape/BuildingEscape.uproject" ]
[2018.04.21-21.00.41:442][576]CompilerResultsLog: New page: Compilation - Apr 21, 2018, 9:00:41 AM
[2018.04.21-21.00.41:442][576]CompilerResultsLog: Performing full C++ include scan (hot reloading a new target)
[2018.04.21-21.00.41:442][576]CompilerResultsLog: Using 'git status' to determine working set for adaptive non-unity build.
[2018.04.21-21.00.41:442][576]CompilerResultsLog: Creating makefile for hot reloading BuildingEscape (ini files are newer than UBTMakefile)
[2018.04.21-21.00.41:442][576]CompilerResultsLog: Compiling game modules for hot reload
[2018.04.21-21.00.41:442][576]CompilerResultsLog: Parsing headers for BuildingEscapeEditor
[2018.04.21-21.00.41:442][576]CompilerResultsLog:   Running UnrealHeaderTool "D:\Repos\Building-Escape\BuildingEscape\BuildingEscape.uproject" "D:\Repos\Building-Escape\BuildingEscape\Intermediate\Build\Win64\BuildingEscapeEditor\Development\BuildingEscapeEditor.uhtmanifest" -LogCmds="loginit warning, logexit warning, logdatabase error" -Unattended -WarningsAsErrors -installed
[2018.04.21-21.00.41:442][576]CompilerResultsLog: Reflection code generated for BuildingEscapeEditor in 10.0164969 seconds
[2018.04.21-21.00.41:442][576]CompilerResultsLog: Performing 5 actions (9 in parallel)
[2018.04.21-21.00.41:442][576]CompilerResultsLog: PositionReport.cpp
[2018.04.21-21.00.41:442][576]CompilerResultsLog: BuildingEscape.init.gen.cpp
[2018.04.21-21.00.41:442][576]CompilerResultsLog: PositionReport.gen.cpp
[2018.04.21-21.00.41:442][576]CompilerResultsLog: [4/5] Link UE4Editor-BuildingEscape-5053.dll
[2018.04.21-21.00.41:443][576]CompilerResultsLog: [5/5] Link UE4Editor-BuildingEscape-5053.lib
[2018.04.21-21.00.41:443][576]CompilerResultsLog:    Creating library D:\Repos\Building-Escape\BuildingEscape\Intermediate\Build\Win64\UE4Editor\Development\UE4Editor-BuildingEscape-5053.lib and object D:\Repos\Building-Escape\BuildingEscape\Intermediate\Build\Win64\UE4Editor\Development\UE4Editor-BuildingEscape-5053.exp
[2018.04.21-21.00.41:443][576]CompilerResultsLog:    Creating library D:\Repos\Building-Escape\BuildingEscape\Intermediate\Build\Win64\UE4Editor\Development\UE4Editor-BuildingEscape-5053.suppressed.lib and object D:\Repos\Building-Escape\BuildingEscape\Intermediate\Build\Win64\UE4Editor\Development\UE4Editor-BuildingEscape-5053.suppressed.exp
[2018.04.21-21.00.41:443][576]CompilerResultsLog: Total build time: 21.41 seconds (Local executor: 4.23 seconds)
[2018.04.21-21.00.41:443][576]LogMainFrame: MainFrame: Module compiling took 21.648 seconds
[2018.04.21-21.00.41:469][576]LogClass: Could not find existing class PositionReport in package /Script/BuildingEscape for HotReload, assuming new class
[2018.04.21-21.00.41:471][576]LogContentBrowser: Native class hierarchy updated for 'BuildingEscape' in 0.0011 seconds. Added 2 classes and 2 folders.
[2018.04.21-21.00.41:472][576]Display: HotReload successful (0 functions remapped  0 scriptstructs remapped)
[2018.04.21-21.00.41:660][576]LogContentBrowser: Native class hierarchy populated in 0.0115 seconds. Added 2455 classes and 562 folders.
[2018.04.21-21.00.41:705][576]Display: HotReload took 21.9s.
[2018.04.21-21.00.41:706][576]Warning: HotReload operation took 21.9s.
[2018.04.21-21.00.41:730][576]LogSlate: Window 'Add C++ Component' being destroyed
[2018.04.21-21.00.41:791][576]LogHotReload: New module detected: UE4Editor-BuildingEscape-5053.dll
[2018.04.21-21.00.41:856][577]LogHotReload: Starting Hot-Reload from IDE
[2018.04.21-21.00.41:896][577]LogContentBrowser: Native class hierarchy updated for 'BuildingEscape' in 0.0011 seconds. Added 2 classes and 2 folders.
[2018.04.21-21.00.41:898][577]Display: HotReload successful (0 functions remapped  0 scriptstructs remapped)
[2018.04.21-21.00.41:922][577]LogContentBrowser: Native class hierarchy populated in 0.0116 seconds. Added 2455 classes and 562 folders.
[2018.04.21-21.00.41:927][577]Display: HotReload took  0.1s.
[2018.04.21-21.10.29:336][255]Cmd: OBJ SAVEPACKAGE PACKAGE="/Game/NewMap" FILE="../../../../../../Repos/Building-Escape/BuildingEscape/Saved/Autosaves/Game/NewMap_Auto1.umap" SILENT=true AUTOSAVING=true KEEPDIRTY=false
[2018.04.21-21.10.29:389][255]LogSavePackage: Save=40.02ms
[2018.04.21-21.10.29:389][255]LogSavePackage: Moving '../../../../../../Repos/Building-Escape/BuildingEscape/Saved/NewMap_Auto1EFE3D0F44A0AEB18F01DACB3D31731D0.tmp' to '../../../../../../Repos/Building-Escape/BuildingEscape/Saved/Autosaves/Game/NewMap_Auto1.umap'
[2018.04.21-21.10.29:391][255]LogSavePackage: Display: Finished SavePackage ../../../../../../Repos/Building-Escape/BuildingEscape/Saved/Autosaves/Game/NewMap_Auto1.umap
[2018.04.21-21.10.29:396][255]LogFileHelpers: Editor autosave (incl. sublevels) for '/Game/NewMap' took 0.087
[2018.04.21-21.10.29:396][255]LogFileHelpers: Editor autosave (incl. sublevels) for all levels took 0.087
[2018.04.21-21.37.15:303][  8]Candidate modules for hot reload:
[2018.04.21-21.37.15:303][  8]  BuildingEscape
[2018.04.21-21.37.15:303][  8]Launching UnrealBuildTool... [D:/Program Files/Epic Games/UE_4.19/Engine/Binaries/DotNET/UnrealBuildTool.exe BuildingEscape -ModuleWithSuffix=BuildingEscape,6994 Win64 Development -editorrecompile -canskiplink "D:/Repos/Building-Escape/BuildingEscape/BuildingEscape.uproject" ]
[2018.04.21-21.37.15:305][  8]Warning: Starting HotReload took  0.0s.
[2018.04.21-21.37.18:035][318]CompilerResultsLog: New page: Compilation - Apr 21, 2018, 9:37:18 AM
[2018.04.21-21.37.18:035][318]CompilerResultsLog: Using 'git status' to determine working set for adaptive non-unity build.
[2018.04.21-21.37.18:035][318]CompilerResultsLog: Compiling game modules for hot reload
[2018.04.21-21.37.18:035][318]CompilerResultsLog: Performing 3 actions (9 in parallel)
[2018.04.21-21.37.18:035][318]CompilerResultsLog: PositionReport.cpp
[2018.04.21-21.37.18:035][318]CompilerResultsLog: Error: D:\Repos\Building-Escape\BuildingEscape\Source\BuildingEscape\PositionReport.cpp(11) : warning C4996: 'UActorComponent::bWantsBeginPlay': bWantsBeginPlay was inconsistently enforced and is now unused. BeginPlay will now always be called for Actor Components. Please update your code to the new API before upgrading to the next release, otherwise your project will no longer compile.
[2018.04.21-21.37.18:035][318]CompilerResultsLog: Error: D:\Program Files\Epic Games\UE_4.19\Engine\Source\Runtime\Engine\Classes\Components/ActorComponent.h(211) : note: see declaration of 'UActorComponent::bWantsBeginPlay'
[2018.04.21-21.37.18:035][318]CompilerResultsLog: [2/3] Link UE4Editor-BuildingEscape-6994.dll
[2018.04.21-21.37.18:035][318]CompilerResultsLog: [3/3] Link UE4Editor-BuildingEscape-6994.lib
[2018.04.21-21.37.18:035][318]CompilerResultsLog:    Creating library D:\Repos\Building-Escape\BuildingEscape\Intermediate\Build\Win64\UE4Editor\Development\UE4Editor-BuildingEscape-6994.lib and object D:\Repos\Building-Escape\BuildingEscape\Intermediate\Build\Win64\UE4Editor\Development\UE4Editor-BuildingEscape-6994.exp
[2018.04.21-21.37.18:035][318]CompilerResultsLog:    Creating library D:\Repos\Building-Escape\BuildingEscape\Intermediate\Build\Win64\UE4Editor\Development\UE4Editor-BuildingEscape-6994.suppressed.lib and object D:\Repos\Building-Escape\BuildingEscape\Intermediate\Build\Win64\UE4Editor\Development\UE4Editor-BuildingEscape-6994.suppressed.exp
[2018.04.21-21.37.18:035][318]CompilerResultsLog: Total build time: 2.49 seconds (Local executor: 1.62 seconds)
[2018.04.21-21.37.18:035][318]LogMainFrame: MainFrame: Module compiling took 2.737 seconds
[2018.04.21-21.37.18:090][318]LogContentBrowser: Native class hierarchy updated for 'BuildingEscape' in 0.0013 seconds. Added 2 classes and 2 folders.
[2018.04.21-21.37.18:091][318]Display: HotReload successful (0 functions remapped  0 scriptstructs remapped)
[2018.04.21-21.37.18:134][318]LogContentBrowser: Native class hierarchy populated in 0.0118 seconds. Added 2455 classes and 562 folders.
[2018.04.21-21.37.18:134][318]Display: HotReload took  2.8s.
[2018.04.21-21.37.20:076][549]LogTemp: Repeating last play command: Selected Viewport
[2018.04.21-21.37.20:094][549]LogPlayLevel: PlayLevel: No blueprints needed recompiling
[2018.04.21-21.37.20:094][549]PIE: New page: PIE session: NewMap (Apr 21, 2018, 9:37:20 AM)
[2018.04.21-21.37.20:094][549]LogPlayLevel: Creating play world package: /Game/UEDPIE_0_NewMap
[2018.04.21-21.37.20:097][549]LogPlayLevel: PIE: StaticDuplicateObject took: (0.002467s)
[2018.04.21-21.37.20:098][549]LogAIModule: Creating AISystem for world NewMap
[2018.04.21-21.37.20:098][549]LogPlayLevel: PIE: World Init took: (0.001165s)
[2018.04.21-21.37.20:098][549]LogPlayLevel: PIE: Created PIE world by copying editor world from /Game/NewMap.NewMap to /Game/UEDPIE_0_NewMap.NewMap (0.003833s)
[2018.04.21-21.37.20:124][549]LogInit: XAudio2 using 'SONY TV-4 (2- NVIDIA High Definition Audio)' : 2 channels at 48 kHz using 16 bits per sample (channel mask 0x3)
[2018.04.21-21.37.20:132][549]LogInit: FAudioDevice initialized.
[2018.04.21-21.37.20:174][549]LogUObjectGlobals: Warning: Failed to find object 'Class /Script/BuildingEscape.BuildingEscapeGameMode'
[2018.04.21-21.37.20:174][549]LogLoad: Game class is 'GameModeBase'
[2018.04.21-21.37.20:177][549]LogWorld: Bringing World /Game/UEDPIE_0_NewMap.NewMap up for play (max tick rate 0) at 2018.04.21-15.37.20
[2018.04.21-21.37.20:177][549]LogWorld: Bringing up level for play took: 0.001084
[2018.04.21-21.37.20:210][549]LogContentBrowser: Native class hierarchy updated for 'MovieSceneCapture' in 0.0011 seconds. Added 11 classes and 0 folders.
[2018.04.21-21.37.20:211][549]LogTemp: Warning: Position report reporting for duty!
[2018.04.21-21.37.20:212][549]PIE: Play in editor start time for /Game/UEDPIE_0_NewMap 0.124
[2018.04.21-21.37.36:060][344]LogSlate: FSceneViewport::OnFocusLost() reason 0
[2018.04.21-21.37.36:160][356]LogTemp: Repeating last play command: Selected Viewport
[2018.04.21-21.37.36:177][356]LogPlayLevel: PlayLevel: No blueprints needed recompiling
[2018.04.21-21.37.36:178][356]PIE: New page: PIE session: NewMap (Apr 21, 2018, 9:37:36 AM)
[2018.04.21-21.37.36:178][356]LogPlayLevel: Creating play world package: /Game/UEDPIE_0_NewMap
[2018.04.21-21.37.36:180][356]LogPlayLevel: PIE: StaticDuplicateObject took: (0.002297s)
[2018.04.21-21.37.36:181][356]LogAIModule: Creating AISystem for world NewMap
[2018.04.21-21.37.36:181][356]LogPlayLevel: PIE: World Init took: (0.000866s)
[2018.04.21-21.37.36:181][356]LogPlayLevel: PIE: Created PIE world by copying editor world from /Game/NewMap.NewMap to /Game/UEDPIE_0_NewMap.NewMap (0.003402s)
[2018.04.21-21.37.36:207][356]LogInit: XAudio2 using 'SONY TV-4 (2- NVIDIA High Definition Audio)' : 2 channels at 48 kHz using 16 bits per sample (channel mask 0x3)
[2018.04.21-21.37.36:216][356]LogInit: FAudioDevice initialized.
[2018.04.21-21.37.36:250][356]LogLoad: Game class is 'GameModeBase'
[2018.04.21-21.37.36:251][356]LogWorld: Bringing World /Game/UEDPIE_0_NewMap.NewMap up for play (max tick rate 0) at 2018.04.21-15.37.36
[2018.04.21-21.37.36:251][356]LogWorld: Bringing up level for play took: 0.000782
[2018.04.21-21.37.36:252][356]LogTemp: Warning: Position report reporting for duty!
[2018.04.21-21.37.36:253][356]PIE: Play in editor start time for /Game/UEDPIE_0_NewMap 0.165
[2018.04.21-21.37.41:482][965]LogSlate: Took 0.042822 seconds to synchronously load lazily loaded font '../../../Engine/Content/Slate/Fonts/DroidSansMono.ttf' (77K)
[2018.04.21-21.39.13:231][926]LogSlate: FSceneViewport::OnFocusLost() reason 0
[2018.04.21-21.39.13:324][936]Candidate modules for hot reload:
[2018.04.21-21.39.13:324][936]  BuildingEscape
[2018.04.21-21.39.13:324][936]Launching UnrealBuildTool... [D:/Program Files/Epic Games/UE_4.19/Engine/Binaries/DotNET/UnrealBuildTool.exe BuildingEscape -ModuleWithSuffix=BuildingEscape,3144 Win64 Development -editorrecompile -canskiplink "D:/Repos/Building-Escape/BuildingEscape/BuildingEscape.uproject" ]
[2018.04.21-21.39.13:326][936]Warning: Starting HotReload took  0.0s.
[2018.04.21-21.39.15:632][206]CompilerResultsLog: New page: Compilation - Apr 21, 2018, 9:39:15 AM
[2018.04.21-21.39.15:633][206]CompilerResultsLog: Using 'git status' to determine working set for adaptive non-unity build.
[2018.04.21-21.39.15:633][206]CompilerResultsLog: Compiling game modules for hot reload
[2018.04.21-21.39.15:633][206]CompilerResultsLog: Performing 3 actions (9 in parallel)
[2018.04.21-21.39.15:633][206]CompilerResultsLog: PositionReport.cpp
[2018.04.21-21.39.15:633][206]CompilerResultsLog: Error: D:\Repos\Building-Escape\BuildingEscape\Source\BuildingEscape\PositionReport.cpp(11) : warning C4996: 'UActorComponent::bWantsBeginPlay': bWantsBeginPlay was inconsistently enforced and is now unused. BeginPlay will now always be called for Actor Components. Please update your code to the new API before upgrading to the next release, otherwise your project will no longer compile.
[2018.04.21-21.39.15:634][206]CompilerResultsLog: Error: D:\Program Files\Epic Games\UE_4.19\Engine\Source\Runtime\Engine\Classes\Components/ActorComponent.h(211) : note: see declaration of 'UActorComponent::bWantsBeginPlay'
[2018.04.21-21.39.15:634][206]CompilerResultsLog: [2/3] Link UE4Editor-BuildingEscape-3144.dll
[2018.04.21-21.39.15:634][206]CompilerResultsLog: [3/3] Link UE4Editor-BuildingEscape-3144.lib
[2018.04.21-21.39.15:634][206]CompilerResultsLog:    Creating library D:\Repos\Building-Escape\BuildingEscape\Intermediate\Build\Win64\UE4Editor\Development\UE4Editor-BuildingEscape-3144.lib and object D:\Repos\Building-Escape\BuildingEscape\Intermediate\Build\Win64\UE4Editor\Development\UE4Editor-BuildingEscape-3144.exp
[2018.04.21-21.39.15:635][206]CompilerResultsLog:    Creating library D:\Repos\Building-Escape\BuildingEscape\Intermediate\Build\Win64\UE4Editor\Development\UE4Editor-BuildingEscape-3144.suppressed.lib and object D:\Repos\Building-Escape\BuildingEscape\Intermediate\Build\Win64\UE4Editor\Development\UE4Editor-BuildingEscape-3144.suppressed.exp
[2018.04.21-21.39.15:635][206]CompilerResultsLog: Total build time: 2.07 seconds (Local executor: 1.22 seconds)
[2018.04.21-21.39.15:636][206]LogMainFrame: MainFrame: Module compiling took 2.316 seconds
[2018.04.21-21.39.15:666][206]LogContentBrowser: Native class hierarchy updated for 'BuildingEscape' in 0.0011 seconds. Added 2 classes and 2 folders.
[2018.04.21-21.39.15:667][206]Display: HotReload successful (0 functions remapped  0 scriptstructs remapped)
[2018.04.21-21.39.15:709][206]LogContentBrowser: Native class hierarchy populated in 0.0120 seconds. Added 2455 classes and 562 folders.
[2018.04.21-21.39.15:709][206]Display: HotReload took  2.4s.
[2018.04.21-21.39.16:952][355]LogTemp: Repeating last play command: Selected Viewport
[2018.04.21-21.39.16:970][355]LogPlayLevel: PlayLevel: No blueprints needed recompiling
[2018.04.21-21.39.16:970][355]PIE: New page: PIE session: NewMap (Apr 21, 2018, 9:39:16 AM)
[2018.04.21-21.39.16:970][355]LogPlayLevel: Creating play world package: /Game/UEDPIE_0_NewMap
[2018.04.21-21.39.16:973][355]LogPlayLevel: PIE: StaticDuplicateObject took: (0.002967s)
[2018.04.21-21.39.16:975][355]LogAIModule: Creating AISystem for world NewMap
[2018.04.21-21.39.16:975][355]LogPlayLevel: PIE: World Init took: (0.001503s)
[2018.04.21-21.39.16:975][355]LogPlayLevel: PIE: Created PIE world by copying editor world from /Game/NewMap.NewMap to /Game/UEDPIE_0_NewMap.NewMap (0.005034s)
[2018.04.21-21.39.17:001][355]LogInit: XAudio2 using 'SONY TV-4 (2- NVIDIA High Definition Audio)' : 2 channels at 48 kHz using 16 bits per sample (channel mask 0x3)
[2018.04.21-21.39.17:010][355]LogInit: FAudioDevice initialized.
[2018.04.21-21.39.17:043][355]LogLoad: Game class is 'GameModeBase'
[2018.04.21-21.39.17:045][355]LogWorld: Bringing World /Game/UEDPIE_0_NewMap.NewMap up for play (max tick rate 0) at 2018.04.21-15.39.17
[2018.04.21-21.39.17:045][355]LogWorld: Bringing up level for play took: 0.000973
[2018.04.21-21.39.17:046][355]LogTemp: Warning: Position report reporting for duty on Chair!
[2018.04.21-21.39.17:047][355]PIE: Play in editor start time for /Game/UEDPIE_0_NewMap 0.96
[2018.04.21-21.39.35:232][498]LogSlate: FSceneViewport::OnFocusLost() reason 0
[2018.04.21-21.39.35:306][507]LogTemp: Repeating last play command: Selected Viewport
[2018.04.21-21.39.35:324][507]LogPlayLevel: PlayLevel: No blueprints needed recompiling
[2018.04.21-21.39.35:325][507]PIE: New page: PIE session: NewMap (Apr 21, 2018, 9:39:35 AM)
[2018.04.21-21.39.35:325][507]LogPlayLevel: Creating play world package: /Game/UEDPIE_0_NewMap
[2018.04.21-21.39.35:327][507]LogPlayLevel: PIE: StaticDuplicateObject took: (0.002421s)
[2018.04.21-21.39.35:328][507]LogAIModule: Creating AISystem for world NewMap
[2018.04.21-21.39.35:328][507]LogPlayLevel: PIE: World Init took: (0.000858s)
[2018.04.21-21.39.35:329][507]LogPlayLevel: PIE: Created PIE world by copying editor world from /Game/NewMap.NewMap to /Game/UEDPIE_0_NewMap.NewMap (0.003860s)
[2018.04.21-21.39.35:356][507]LogInit: XAudio2 using 'SONY TV-4 (2- NVIDIA High Definition Audio)' : 2 channels at 48 kHz using 16 bits per sample (channel mask 0x3)
[2018.04.21-21.39.35:367][507]LogInit: FAudioDevice initialized.
[2018.04.21-21.39.35:398][507]LogLoad: Game class is 'GameModeBase'
[2018.04.21-21.39.35:399][507]LogWorld: Bringing World /Game/UEDPIE_0_NewMap.NewMap up for play (max tick rate 0) at 2018.04.21-15.39.35
[2018.04.21-21.39.35:400][507]LogWorld: Bringing up level for play took: 0.000947
[2018.04.21-21.39.35:401][507]LogTemp: Warning: Position report reporting for duty on Chair!
[2018.04.21-21.39.35:401][507]PIE: Play in editor start time for /Game/UEDPIE_0_NewMap -0.686
[2018.04.21-21.39.45:762][520]LogEditorViewport: Clicking on Actor (LMB): StaticMeshActor (Floor)
[2018.04.21-21.39.46:506][595]LogEditorViewport: Clicking on Actor (LMB): StaticMeshActor (SM_Chair)
[2018.04.21-21.39.51:315][115]LogSlate: FSceneViewport::OnFocusLost() reason 2
[2018.04.21-21.40.03:998][578]LogEditorViewport: Clicking on Actor (LMB): StaticMeshActor (SM_Rock)
[2018.04.21-21.40.04:626][641]LogSlate: Took 0.000353 seconds to synchronously load lazily loaded font '../../../Engine/Content/Slate/Fonts/Roboto-Italic.ttf' (157K)
[2018.04.21-21.40.05:530][739]LogSlate: FSceneViewport::OnFocusLost() reason 0
[2018.04.21-21.40.12:637][548]Candidate modules for hot reload:
[2018.04.21-21.40.12:637][548]  BuildingEscape
[2018.04.21-21.40.12:637][548]Launching UnrealBuildTool... [D:/Program Files/Epic Games/UE_4.19/Engine/Binaries/DotNET/UnrealBuildTool.exe BuildingEscape -ModuleWithSuffix=BuildingEscape,899 Win64 Development -editorrecompile -canskiplink "D:/Repos/Building-Escape/BuildingEscape/BuildingEscape.uproject" ]
[2018.04.21-21.40.12:640][548]Warning: Starting HotReload took  0.0s.
[2018.04.21-21.40.13:698][668]CompilerResultsLog: New page: Compilation - Apr 21, 2018, 9:40:13 AM
[2018.04.21-21.40.13:698][668]CompilerResultsLog: Using 'git status' to determine working set for adaptive non-unity build.
[2018.04.21-21.40.13:698][668]CompilerResultsLog: Compiling game modules for hot reload
[2018.04.21-21.40.13:699][668]CompilerResultsLog: Target is up to date
[2018.04.21-21.40.13:699][668]CompilerResultsLog: Total build time: 0.83 seconds (NoActionsToExecute executor: 0.00 seconds)
[2018.04.21-21.40.13:699][668]LogMainFrame: MainFrame: Module compiling took 1.066 seconds
[2018.04.21-21.40.13:725][668]LogContentBrowser: Native class hierarchy populated in 0.0115 seconds. Added 2455 classes and 562 folders.
[2018.04.21-21.40.13:726][668]Display: HotReload took  1.1s.
[2018.04.21-21.40.15:030][824]LogTemp: Repeating last play command: Selected Viewport
[2018.04.21-21.40.15:048][824]LogPlayLevel: PlayLevel: No blueprints needed recompiling
[2018.04.21-21.40.15:049][824]PIE: New page: PIE session: NewMap (Apr 21, 2018, 9:40:15 AM)
[2018.04.21-21.40.15:049][824]LogPlayLevel: Creating play world package: /Game/UEDPIE_0_NewMap
[2018.04.21-21.40.15:052][824]LogPlayLevel: PIE: StaticDuplicateObject took: (0.002518s)
[2018.04.21-21.40.15:052][824]LogAIModule: Creating AISystem for world NewMap
[2018.04.21-21.40.15:053][824]LogPlayLevel: PIE: World Init took: (0.001026s)
[2018.04.21-21.40.15:053][824]LogPlayLevel: PIE: Created PIE world by copying editor world from /Game/NewMap.NewMap to /Game/UEDPIE_0_NewMap.NewMap (0.004048s)
[2018.04.21-21.40.15:079][824]LogInit: XAudio2 using 'SONY TV-4 (2- NVIDIA High Definition Audio)' : 2 channels at 48 kHz using 16 bits per sample (channel mask 0x3)
[2018.04.21-21.40.15:087][824]LogInit: FAudioDevice initialized.
[2018.04.21-21.40.15:117][824]LogLoad: Game class is 'GameModeBase'
[2018.04.21-21.40.15:118][824]LogWorld: Bringing World /Game/UEDPIE_0_NewMap.NewMap up for play (max tick rate 0) at 2018.04.21-15.40.15
[2018.04.21-21.40.15:119][824]LogWorld: Bringing up level for play took: 0.000962
[2018.04.21-21.40.15:120][824]LogTemp: Warning: Position report reporting for duty on Chair!
[2018.04.21-21.40.15:120][824]LogTemp: Warning: Position report reporting for duty on Chair!
[2018.04.21-21.40.15:120][824]PIE: Play in editor start time for /Game/UEDPIE_0_NewMap 1.033
[2018.04.21-21.41.01:170][358]LogSlate: FSceneViewport::OnFocusLost() reason 0
[2018.04.21-21.41.10:217][261]Cmd: OBJ SAVEPACKAGE PACKAGE="/Game/NewMap" FILE="../../../../../../Repos/Building-Escape/BuildingEscape/Saved/Autosaves/Game/NewMap_Auto2.umap" SILENT=true AUTOSAVING=true KEEPDIRTY=false
[2018.04.21-21.41.10:257][261]LogSavePackage: Save=26.93ms
[2018.04.21-21.41.10:257][261]LogSavePackage: Moving '../../../../../../Repos/Building-Escape/BuildingEscape/Saved/NewMap_Auto2AAFBB1624A7C788E630DE6A47EF72F85.tmp' to '../../../../../../Repos/Building-Escape/BuildingEscape/Saved/Autosaves/Game/NewMap_Auto2.umap'
[2018.04.21-21.41.10:259][261]LogSavePackage: Display: Finished SavePackage ../../../../../../Repos/Building-Escape/BuildingEscape/Saved/Autosaves/Game/NewMap_Auto2.umap
[2018.04.21-21.41.10:264][261]LogFileHelpers: Editor autosave (incl. sublevels) for '/Game/NewMap' took 0.059
[2018.04.21-21.41.10:265][261]LogFileHelpers: Editor autosave (incl. sublevels) for all levels took 0.059
[2018.04.21-21.41.25:456][  2]LogSlate: Window 'Editor Preferences' being destroyed
[2018.04.21-21.41.25:458][  2]LogSlate: Window 'Editor Preferences' being destroyed
[2018.04.21-21.41.51:412][183]LogEditorViewport: Clicking on Actor (LMB): StaticMeshActor (Floor)
[2018.04.21-21.41.51:949][226]LogEditorViewport: Clicking on Actor (LMB): PlayerStart (Player Start)
[2018.04.21-21.41.59:689][137]LogNavigationPoint: PostEditMove Clear paths rebuilt
[2018.04.21-21.42.16:164][ 88]LogNavigationPoint: PostEditMove Clear paths rebuilt
[2018.04.21-21.42.17:606][254]LogNavigationPoint: PostEditMove Clear paths rebuilt
[2018.04.21-21.42.18:996][416]LogNavigationPoint: PostEditMove Clear paths rebuilt
[2018.04.21-21.42.19:733][498]LogSlate: FSceneViewport::OnFocusLost() reason 0
[2018.04.21-21.42.19:862][513]LogTemp: Repeating last play command: Selected Viewport
[2018.04.21-21.42.19:881][513]LogPlayLevel: PlayLevel: No blueprints needed recompiling
[2018.04.21-21.42.19:882][513]PIE: New page: PIE session: NewMap (Apr 21, 2018, 9:42:19 AM)
[2018.04.21-21.42.19:882][513]LogPlayLevel: Creating play world package: /Game/UEDPIE_0_NewMap
[2018.04.21-21.42.19:884][513]LogPlayLevel: PIE: StaticDuplicateObject took: (0.002294s)
[2018.04.21-21.42.19:885][513]LogAIModule: Creating AISystem for world NewMap
[2018.04.21-21.42.19:886][513]LogPlayLevel: PIE: World Init took: (0.001111s)
[2018.04.21-21.42.19:886][513]LogPlayLevel: PIE: Created PIE world by copying editor world from /Game/NewMap.NewMap to /Game/UEDPIE_0_NewMap.NewMap (0.003884s)
[2018.04.21-21.42.19:913][513]LogInit: XAudio2 using 'SONY TV-4 (2- NVIDIA High Definition Audio)' : 2 channels at 48 kHz using 16 bits per sample (channel mask 0x3)
[2018.04.21-21.42.19:922][513]LogInit: FAudioDevice initialized.
[2018.04.21-21.42.19:953][513]LogLoad: Game class is 'GameModeBase'
[2018.04.21-21.42.19:954][513]LogWorld: Bringing World /Game/UEDPIE_0_NewMap.NewMap up for play (max tick rate 0) at 2018.04.21-15.42.19
[2018.04.21-21.42.19:955][513]LogWorld: Bringing up level for play took: 0.000968
[2018.04.21-21.42.19:956][513]LogTemp: Warning: Position report reporting for duty on Chair!
[2018.04.21-21.42.19:956][513]LogTemp: Warning: Position report reporting for duty on Chair!
[2018.04.21-21.42.19:957][513]PIE: Play in editor start time for /Game/UEDPIE_0_NewMap -0.131
[2018.04.21-21.42.47:780][806]LogSlate: FSceneViewport::OnFocusLost() reason 0
[2018.04.21-21.43.11:046][848]LogVSAccessor: Warning: Couldn't goto line number '1' in 'D:/Repos/Building-Escape/BuildingEscape/Source/BuildingEscape/PositionReport.cpp'
[2018.04.21-21.48.48:501][950]LogTemp: Repeating last play command: Selected Viewport
[2018.04.21-21.48.48:520][950]LogPlayLevel: PlayLevel: No blueprints needed recompiling
[2018.04.21-21.48.48:521][950]PIE: New page: PIE session: NewMap (Apr 21, 2018, 9:48:48 AM)
[2018.04.21-21.48.48:521][950]LogPlayLevel: Creating play world package: /Game/UEDPIE_0_NewMap
[2018.04.21-21.48.48:524][950]LogPlayLevel: PIE: StaticDuplicateObject took: (0.002640s)
[2018.04.21-21.48.48:525][950]LogAIModule: Creating AISystem for world NewMap
[2018.04.21-21.48.48:525][950]LogPlayLevel: PIE: World Init took: (0.001255s)
[2018.04.21-21.48.48:526][950]LogPlayLevel: PIE: Created PIE world by copying editor world from /Game/NewMap.NewMap to /Game/UEDPIE_0_NewMap.NewMap (0.004491s)
[2018.04.21-21.48.48:553][950]LogInit: XAudio2 using 'SONY TV-4 (2- NVIDIA High Definition Audio)' : 2 channels at 48 kHz using 16 bits per sample (channel mask 0x3)
[2018.04.21-21.48.48:562][950]LogInit: FAudioDevice initialized.
[2018.04.21-21.48.48:598][950]LogLoad: Game class is 'GameModeBase'
[2018.04.21-21.48.48:599][950]LogWorld: Bringing World /Game/UEDPIE_0_NewMap.NewMap up for play (max tick rate 0) at 2018.04.21-15.48.48
[2018.04.21-21.48.48:600][950]LogWorld: Bringing up level for play took: 0.001077
[2018.04.21-21.48.48:601][950]LogTemp: Warning: Position report reporting for duty on Chair!
[2018.04.21-21.48.48:601][950]LogTemp: Warning: Position report reporting for duty on Chair!
[2018.04.21-21.48.48:602][950]PIE: Play in editor start time for /Game/UEDPIE_0_NewMap 0.514
[2018.04.21-21.48.50:328][144]Candidate modules for hot reload:
[2018.04.21-21.48.50:328][144]  BuildingEscape
[2018.04.21-21.48.50:328][144]Launching UnrealBuildTool... [D:/Program Files/Epic Games/UE_4.19/Engine/Binaries/DotNET/UnrealBuildTool.exe BuildingEscape -ModuleWithSuffix=BuildingEscape,9127 Win64 Development -editorrecompile -canskiplink "D:/Repos/Building-Escape/BuildingEscape/BuildingEscape.uproject" ]
[2018.04.21-21.48.50:330][144]Warning: Starting HotReload took  0.0s.
[2018.04.21-21.48.52:865][441]CompilerResultsLog: New page: Compilation - Apr 21, 2018, 9:48:52 AM
[2018.04.21-21.48.52:865][441]CompilerResultsLog: Using 'git status' to determine working set for adaptive non-unity build.
[2018.04.21-21.48.52:865][441]CompilerResultsLog: Compiling game modules for hot reload
[2018.04.21-21.48.52:866][441]CompilerResultsLog: Performing 3 actions (9 in parallel)
[2018.04.21-21.48.52:866][441]CompilerResultsLog: PositionReport.cpp
[2018.04.21-21.48.52:866][441]CompilerResultsLog: Error: D:\Repos\Building-Escape\BuildingEscape\Source\BuildingEscape\PositionReport.cpp(11) : warning C4996: 'UActorComponent::bWantsBeginPlay': bWantsBeginPlay was inconsistently enforced and is now unused. BeginPlay will now always be called for Actor Components. Please update your code to the new API before upgrading to the next release, otherwise your project will no longer compile.
[2018.04.21-21.48.52:866][441]CompilerResultsLog: Error: D:\Program Files\Epic Games\UE_4.19\Engine\Source\Runtime\Engine\Classes\Components/ActorComponent.h(211) : note: see declaration of 'UActorComponent::bWantsBeginPlay'
[2018.04.21-21.48.52:867][441]CompilerResultsLog: [2/3] Link UE4Editor-BuildingEscape-9127.dll
[2018.04.21-21.48.52:867][441]CompilerResultsLog: [3/3] Link UE4Editor-BuildingEscape-9127.lib
[2018.04.21-21.48.52:867][441]CompilerResultsLog:    Creating library D:\Repos\Building-Escape\BuildingEscape\Intermediate\Build\Win64\UE4Editor\Development\UE4Editor-BuildingEscape-9127.lib and object D:\Repos\Building-Escape\BuildingEscape\Intermediate\Build\Win64\UE4Editor\Development\UE4Editor-BuildingEscape-9127.exp
[2018.04.21-21.48.52:868][441]CompilerResultsLog:    Creating library D:\Repos\Building-Escape\BuildingEscape\Intermediate\Build\Win64\UE4Editor\Development\UE4Editor-BuildingEscape-9127.suppressed.lib and object D:\Repos\Building-Escape\BuildingEscape\Intermediate\Build\Win64\UE4Editor\Development\UE4Editor-BuildingEscape-9127.suppressed.exp
[2018.04.21-21.48.52:868][441]CompilerResultsLog: Total build time: 2.30 seconds (Local executor: 1.42 seconds)
[2018.04.21-21.48.52:868][441]LogMainFrame: MainFrame: Module compiling took 2.545 seconds
[2018.04.21-21.48.52:899][441]LogContentBrowser: Native class hierarchy updated for 'BuildingEscape' in 0.0012 seconds. Added 2 classes and 2 folders.
[2018.04.21-21.48.52:901][441]Display: HotReload successful (0 functions remapped  0 scriptstructs remapped)
[2018.04.21-21.48.52:943][441]LogContentBrowser: Native class hierarchy populated in 0.0122 seconds. Added 2455 classes and 562 folders.
[2018.04.21-21.48.52:943][441]Display: HotReload took  2.6s.
[2018.04.21-21.48.55:026][690]LogTemp: Repeating last play command: Selected Viewport
[2018.04.21-21.48.55:044][690]LogPlayLevel: PlayLevel: No blueprints needed recompiling
[2018.04.21-21.48.55:044][690]PIE: New page: PIE session: NewMap (Apr 21, 2018, 9:48:55 AM)
[2018.04.21-21.48.55:045][690]LogPlayLevel: Creating play world package: /Game/UEDPIE_0_NewMap
[2018.04.21-21.48.55:047][690]LogPlayLevel: PIE: StaticDuplicateObject took: (0.002386s)
[2018.04.21-21.48.55:048][690]LogAIModule: Creating AISystem for world NewMap
[2018.04.21-21.48.55:048][690]LogPlayLevel: PIE: World Init took: (0.000892s)
[2018.04.21-21.48.55:048][690]LogPlayLevel: PIE: Created PIE world by copying editor world from /Game/NewMap.NewMap to /Game/UEDPIE_0_NewMap.NewMap (0.003813s)
[2018.04.21-21.48.55:074][690]LogInit: XAudio2 using 'SONY TV-4 (2- NVIDIA High Definition Audio)' : 2 channels at 48 kHz using 16 bits per sample (channel mask 0x3)
[2018.04.21-21.48.55:082][690]LogInit: FAudioDevice initialized.
[2018.04.21-21.48.55:117][690]LogLoad: Game class is 'GameModeBase'
[2018.04.21-21.48.55:118][690]LogWorld: Bringing World /Game/UEDPIE_0_NewMap.NewMap up for play (max tick rate 0) at 2018.04.21-15.48.55
[2018.04.21-21.48.55:118][690]LogWorld: Bringing up level for play took: 0.000951
[2018.04.21-21.48.55:119][690]LogTemp: Warning: Position report reporting for duty on SM_Chair_2!
[2018.04.21-21.48.55:120][690]LogTemp: Warning: Position report reporting for duty on SM_Rock_2!
[2018.04.21-21.48.55:120][690]PIE: Play in editor start time for /Game/UEDPIE_0_NewMap 1.033
[2018.04.21-21.49.13:509][856]LogEditorViewport: Clicking on Actor (LMB): SkyLight (SkyLight)
[2018.04.21-21.50.25:491][ 72]LogSlate: FSceneViewport::OnFocusLost() reason 2
[2018.04.22-01.48.33:947][195]LogInit: XAudio2 using 'Speakers (Turtle Beach PX21 Headset)' : 2 channels at 48 kHz using 16 bits per sample (channel mask 0x3)
[2018.04.22-03.55.21:791][ 28]LogAudio: Warning: Current Audio Device with ID {0.0.0.00000000}.{6842344d-f068-491d-8254-a1b8ca07ac31} was removed. Shutting down audio device.
[2018.04.22-03.55.21:794][ 28]LogInit: XAudio2 using 'SONY TV-4 (2- NVIDIA High Definition Audio)' : 2 channels at 48 kHz using 16 bits per sample (channel mask 0x3)
